<?xml version="1.0" encoding="UTF-8"?>
<coverage generated="1520565913408" clover="3.2.0">
  <project timestamp="1520565913409" name="All files">
    <metrics statements="296" coveredstatements="74" conditionals="153" coveredconditionals="11" methods="157" coveredmethods="26" elements="606" coveredelements="111" complexity="0" loc="296" ncloc="296" packages="16" files="27" classes="27">
      <package name="src">
        <metrics statements="22" coveredstatements="1" conditionals="25" coveredconditionals="0" methods="16" coveredmethods="0"/>
        <file name="index.js" path="/Users/ebenezer/CursoReact/leitura-udacity/frontend/src/index.js">
          <metrics statements="6" coveredstatements="0" conditionals="4" coveredconditionals="0" methods="1" coveredmethods="0"/>
          <line num="1" count="0" type="stmt"/>
          <line num="5" count="0" type="stmt"/>
          <line num="6" count="0" type="stmt"/>
          <line num="8" count="0" type="cond" truecount="0" falsecount="4"/>
          <line num="10" count="0" type="stmt"/>
          <line num="11" count="0" type="stmt"/>
        </file>
        <file name="registerServiceWorker.js" path="/Users/ebenezer/CursoReact/leitura-udacity/frontend/src/registerServiceWorker.js">
          <metrics statements="15" coveredstatements="0" conditionals="21" coveredconditionals="0" methods="15" coveredmethods="0"/>
          <line num="1" count="0" type="stmt"/>
          <line num="21" count="0" type="stmt"/>
          <line num="118" count="0" type="cond" truecount="0" falsecount="3"/>
          <line num="120" count="0" type="cond" truecount="0" falsecount="4"/>
          <line num="121" count="0" type="cond" truecount="0" falsecount="2"/>
          <line num="124" count="0" type="cond" truecount="0" falsecount="2"/>
          <line num="125" count="0" type="stmt"/>
          <line num="127" count="0" type="stmt"/>
          <line num="128" count="0" type="cond" truecount="0" falsecount="4"/>
          <line num="132" count="0" type="stmt"/>
          <line num="135" count="0" type="stmt"/>
          <line num="136" count="0" type="stmt"/>
          <line num="137" count="0" type="cond" truecount="0" falsecount="4"/>
          <line num="138" count="0" type="stmt"/>
          <line num="139" count="0" type="cond" truecount="0" falsecount="2"/>
        </file>
        <file name="setupTests.js" path="/Users/ebenezer/CursoReact/leitura-udacity/frontend/src/setupTests.js">
          <metrics statements="1" coveredstatements="1" conditionals="0" coveredconditionals="0" methods="0" coveredmethods="0"/>
          <line num="4" count="3" type="stmt"/>
        </file>
      </package>
      <package name="src.App.components.CommentPost">
        <metrics statements="17" coveredstatements="2" conditionals="4" coveredconditionals="0" methods="14" coveredmethods="0"/>
        <file name="index.js" path="/Users/ebenezer/CursoReact/leitura-udacity/frontend/src/App/components/CommentPost/index.js">
          <metrics statements="17" coveredstatements="2" conditionals="4" coveredconditionals="0" methods="14" coveredmethods="0"/>
          <line num="13" count="2" type="stmt"/>
          <line num="24" count="0" type="stmt"/>
          <line num="30" count="0" type="stmt"/>
          <line num="35" count="0" type="stmt"/>
          <line num="40" count="0" type="stmt"/>
          <line num="45" count="0" type="stmt"/>
          <line num="47" count="0" type="stmt"/>
          <line num="49" count="0" type="stmt"/>
          <line num="53" count="0" type="stmt"/>
          <line num="55" count="0" type="stmt"/>
          <line num="69" count="0" type="stmt"/>
          <line num="73" count="0" type="stmt"/>
          <line num="91" count="0" type="stmt"/>
          <line num="122" count="2" type="stmt"/>
          <line num="124" count="0" type="stmt"/>
          <line num="125" count="0" type="stmt"/>
          <line num="126" count="0" type="stmt"/>
        </file>
      </package>
      <package name="src.App.components.FormPost">
        <metrics statements="26" coveredstatements="3" conditionals="12" coveredconditionals="0" methods="11" coveredmethods="0"/>
        <file name="index.js" path="/Users/ebenezer/CursoReact/leitura-udacity/frontend/src/App/components/FormPost/index.js">
          <metrics statements="26" coveredstatements="3" conditionals="12" coveredconditionals="0" methods="11" coveredmethods="0"/>
          <line num="14" count="1" type="stmt"/>
          <line num="28" count="0" type="stmt"/>
          <line num="33" count="0" type="cond" truecount="0" falsecount="2"/>
          <line num="34" count="0" type="stmt"/>
          <line num="35" count="0" type="stmt"/>
          <line num="44" count="0" type="stmt"/>
          <line num="50" count="0" type="cond" truecount="0" falsecount="2"/>
          <line num="51" count="0" type="stmt"/>
          <line num="52" count="0" type="stmt"/>
          <line num="55" count="0" type="cond" truecount="0" falsecount="2"/>
          <line num="56" count="0" type="stmt"/>
          <line num="59" count="0" type="stmt"/>
          <line num="64" count="0" type="stmt"/>
          <line num="73" count="0" type="stmt"/>
          <line num="77" count="0" type="stmt"/>
          <line num="83" count="0" type="stmt"/>
          <line num="87" count="0" type="stmt"/>
          <line num="88" count="0" type="stmt"/>
          <line num="95" count="0" type="stmt"/>
          <line num="96" count="0" type="stmt"/>
          <line num="98" count="0" type="stmt"/>
          <line num="100" count="0" type="stmt"/>
          <line num="134" count="1" type="stmt"/>
          <line num="139" count="1" type="stmt"/>
          <line num="140" count="0" type="stmt"/>
          <line num="141" count="0" type="stmt"/>
        </file>
      </package>
      <package name="src.App.store.ducks">
        <metrics statements="4" coveredstatements="4" conditionals="0" coveredconditionals="0" methods="1" coveredmethods="0"/>
        <file name="category.js" path="/Users/ebenezer/CursoReact/leitura-udacity/frontend/src/App/store/ducks/category.js">
          <metrics statements="4" coveredstatements="4" conditionals="0" coveredconditionals="0" methods="1" coveredmethods="0"/>
          <line num="5" count="1" type="stmt"/>
          <line num="14" count="1" type="stmt"/>
          <line num="20" count="1" type="stmt"/>
          <line num="24" count="1" type="stmt"/>
        </file>
      </package>
      <package name="src.app">
        <metrics statements="7" coveredstatements="0" conditionals="4" coveredconditionals="0" methods="2" coveredmethods="0"/>
        <file name="index.js" path="/Users/ebenezer/CursoReact/leitura-udacity/frontend/src/app/index.js">
          <metrics statements="7" coveredstatements="0" conditionals="4" coveredconditionals="0" methods="2" coveredmethods="0"/>
          <line num="1" count="0" type="stmt"/>
          <line num="2" count="0" type="stmt"/>
          <line num="3" count="0" type="stmt"/>
          <line num="5" count="0" type="stmt"/>
          <line num="6" count="0" type="cond" truecount="0" falsecount="4"/>
          <line num="8" count="0" type="stmt"/>
          <line num="11" count="0" type="stmt"/>
        </file>
      </package>
      <package name="src.app.api">
        <metrics statements="22" coveredstatements="0" conditionals="18" coveredconditionals="0" methods="14" coveredmethods="0"/>
        <file name="api.js" path="/Users/ebenezer/CursoReact/leitura-udacity/frontend/src/app/api/api.js">
          <metrics statements="6" coveredstatements="0" conditionals="2" coveredconditionals="0" methods="0" coveredmethods="0"/>
          <line num="1" count="0" type="stmt"/>
          <line num="3" count="0" type="stmt"/>
          <line num="5" count="0" type="stmt"/>
          <line num="6" count="0" type="cond" truecount="0" falsecount="2"/>
          <line num="8" count="0" type="stmt"/>
          <line num="14" count="0" type="stmt"/>
        </file>
        <file name="apiCategory.js" path="/Users/ebenezer/CursoReact/leitura-udacity/frontend/src/app/api/apiCategory.js">
          <metrics statements="2" coveredstatements="0" conditionals="4" coveredconditionals="0" methods="2" coveredmethods="0"/>
          <line num="1" count="0" type="cond" truecount="0" falsecount="4"/>
          <line num="3" count="0" type="stmt"/>
        </file>
        <file name="apiComment.js" path="/Users/ebenezer/CursoReact/leitura-udacity/frontend/src/app/api/apiComment.js">
          <metrics statements="6" coveredstatements="0" conditionals="4" coveredconditionals="0" methods="6" coveredmethods="0"/>
          <line num="1" count="0" type="cond" truecount="0" falsecount="4"/>
          <line num="3" count="0" type="stmt"/>
          <line num="5" count="0" type="stmt"/>
          <line num="7" count="0" type="stmt"/>
          <line num="9" count="0" type="stmt"/>
          <line num="11" count="0" type="stmt"/>
        </file>
        <file name="apiPost.js" path="/Users/ebenezer/CursoReact/leitura-udacity/frontend/src/app/api/apiPost.js">
          <metrics statements="8" coveredstatements="0" conditionals="8" coveredconditionals="0" methods="6" coveredmethods="0"/>
          <line num="1" count="0" type="cond" truecount="0" falsecount="4"/>
          <line num="3" count="0" type="stmt"/>
          <line num="4" count="0" type="cond" truecount="0" falsecount="2"/>
          <line num="8" count="0" type="stmt"/>
          <line num="11" count="0" type="stmt"/>
          <line num="13" count="0" type="stmt"/>
          <line num="15" count="0" type="stmt"/>
          <line num="17" count="0" type="stmt"/>
        </file>
      </package>
      <package name="src.app.components.CommentPost">
        <metrics statements="22" coveredstatements="0" conditionals="8" coveredconditionals="0" methods="16" coveredmethods="0"/>
        <file name="index.js" path="/Users/ebenezer/CursoReact/leitura-udacity/frontend/src/app/components/CommentPost/index.js">
          <metrics statements="22" coveredstatements="0" conditionals="8" coveredconditionals="0" methods="16" coveredmethods="0"/>
          <line num="1" count="0" type="stmt"/>
          <line num="9" count="0" type="stmt"/>
          <line num="10" count="0" type="cond" truecount="0" falsecount="4"/>
          <line num="13" count="0" type="stmt"/>
          <line num="18" count="0" type="stmt"/>
          <line num="24" count="0" type="stmt"/>
          <line num="30" count="0" type="stmt"/>
          <line num="35" count="0" type="stmt"/>
          <line num="40" count="0" type="stmt"/>
          <line num="45" count="0" type="stmt"/>
          <line num="47" count="0" type="stmt"/>
          <line num="49" count="0" type="stmt"/>
          <line num="53" count="0" type="stmt"/>
          <line num="55" count="0" type="stmt"/>
          <line num="69" count="0" type="stmt"/>
          <line num="73" count="0" type="stmt"/>
          <line num="91" count="0" type="stmt"/>
          <line num="122" count="0" type="stmt"/>
          <line num="124" count="0" type="stmt"/>
          <line num="125" count="0" type="stmt"/>
          <line num="126" count="0" type="stmt"/>
          <line num="129" count="0" type="stmt"/>
        </file>
      </package>
      <package name="src.app.components.Footer">
        <metrics statements="2" coveredstatements="1" conditionals="0" coveredconditionals="0" methods="1" coveredmethods="0"/>
        <file name="index.js" path="/Users/ebenezer/CursoReact/leitura-udacity/frontend/src/app/components/Footer/index.js">
          <metrics statements="2" coveredstatements="1" conditionals="0" coveredconditionals="0" methods="1" coveredmethods="0"/>
          <line num="5" count="1" type="stmt"/>
          <line num="6" count="0" type="stmt"/>
        </file>
      </package>
      <package name="src.app.components.FormPost">
        <metrics statements="27" coveredstatements="0" conditionals="16" coveredconditionals="0" methods="13" coveredmethods="0"/>
        <file name="index.js" path="/Users/ebenezer/CursoReact/leitura-udacity/frontend/src/app/components/FormPost/index.js">
          <metrics statements="27" coveredstatements="0" conditionals="16" coveredconditionals="0" methods="13" coveredmethods="0"/>
          <line num="1" count="0" type="stmt"/>
          <line num="11" count="0" type="stmt"/>
          <line num="12" count="0" type="cond" truecount="0" falsecount="4"/>
          <line num="14" count="0" type="stmt"/>
          <line num="24" count="0" type="stmt"/>
          <line num="28" count="0" type="stmt"/>
          <line num="50" count="0" type="cond" truecount="0" falsecount="2"/>
          <line num="51" count="0" type="stmt"/>
          <line num="52" count="0" type="stmt"/>
          <line num="55" count="0" type="cond" truecount="0" falsecount="2"/>
          <line num="56" count="0" type="stmt"/>
          <line num="59" count="0" type="stmt"/>
          <line num="64" count="0" type="stmt"/>
          <line num="73" count="0" type="stmt"/>
          <line num="77" count="0" type="stmt"/>
          <line num="83" count="0" type="stmt"/>
          <line num="87" count="0" type="stmt"/>
          <line num="88" count="0" type="stmt"/>
          <line num="89" count="0" type="cond" truecount="0" falsecount="4"/>
          <line num="95" count="0" type="stmt"/>
          <line num="96" count="0" type="stmt"/>
          <line num="98" count="0" type="stmt"/>
          <line num="100" count="0" type="stmt"/>
          <line num="134" count="0" type="stmt"/>
          <line num="139" count="0" type="stmt"/>
          <line num="140" count="0" type="stmt"/>
          <line num="141" count="0" type="stmt"/>
        </file>
      </package>
      <package name="src.app.components.Header">
        <metrics statements="2" coveredstatements="2" conditionals="0" coveredconditionals="0" methods="1" coveredmethods="1"/>
        <file name="index.js" path="/Users/ebenezer/CursoReact/leitura-udacity/frontend/src/app/components/Header/index.js">
          <metrics statements="2" coveredstatements="2" conditionals="0" coveredconditionals="0" methods="1" coveredmethods="1"/>
          <line num="5" count="2" type="stmt"/>
          <line num="6" count="1" type="stmt"/>
        </file>
      </package>
      <package name="src.app.components.Post">
        <metrics statements="24" coveredstatements="23" conditionals="8" coveredconditionals="7" methods="18" coveredmethods="16"/>
        <file name="index.js" path="/Users/ebenezer/CursoReact/leitura-udacity/frontend/src/app/components/Post/index.js">
          <metrics statements="24" coveredstatements="23" conditionals="8" coveredconditionals="7" methods="18" coveredmethods="16"/>
          <line num="29" count="2" type="stmt"/>
          <line num="38" count="1" type="stmt"/>
          <line num="46" count="1" type="stmt"/>
          <line num="52" count="1" type="stmt"/>
          <line num="58" count="1" type="stmt"/>
          <line num="65" count="1" type="stmt"/>
          <line num="66" count="1" type="stmt"/>
          <line num="67" count="1" type="stmt"/>
          <line num="80" count="14" type="stmt"/>
          <line num="82" count="14" type="cond" truecount="1" falsecount="1"/>
          <line num="84" count="14" type="stmt"/>
          <line num="86" count="14" type="stmt"/>
          <line num="117" count="1" type="stmt"/>
          <line num="129" count="1" type="stmt"/>
          <line num="152" count="1" type="stmt"/>
          <line num="182" count="28" type="stmt"/>
          <line num="191" count="0" type="stmt"/>
          <line num="224" count="9" type="stmt"/>
          <line num="228" count="9" type="stmt"/>
          <line num="229" count="1" type="stmt"/>
          <line num="230" count="1" type="stmt"/>
          <line num="231" count="2" type="stmt"/>
          <line num="234" count="1" type="stmt"/>
          <line num="235" count="1" type="stmt"/>
        </file>
      </package>
      <package name="src.app.store">
        <metrics statements="20" coveredstatements="0" conditionals="10" coveredconditionals="0" methods="4" coveredmethods="0"/>
        <file name="configureStore.js" path="/Users/ebenezer/CursoReact/leitura-udacity/frontend/src/app/store/configureStore.js">
          <metrics statements="12" coveredstatements="0" conditionals="6" coveredconditionals="0" methods="2" coveredmethods="0"/>
          <line num="1" count="0" type="stmt"/>
          <line num="2" count="0" type="stmt"/>
          <line num="3" count="0" type="cond" truecount="0" falsecount="4"/>
          <line num="6" count="0" type="stmt"/>
          <line num="7" count="0" type="stmt"/>
          <line num="10" count="0" type="stmt"/>
          <line num="11" count="0" type="stmt"/>
          <line num="13" count="0" type="cond" truecount="0" falsecount="2"/>
          <line num="15" count="0" type="stmt"/>
          <line num="18" count="0" type="stmt"/>
          <line num="21" count="0" type="stmt"/>
          <line num="23" count="0" type="stmt"/>
        </file>
        <file name="index.js" path="/Users/ebenezer/CursoReact/leitura-udacity/frontend/src/app/store/index.js">
          <metrics statements="8" coveredstatements="0" conditionals="4" coveredconditionals="0" methods="2" coveredmethods="0"/>
          <line num="1" count="0" type="stmt"/>
          <line num="2" count="0" type="stmt"/>
          <line num="3" count="0" type="stmt"/>
          <line num="6" count="0" type="stmt"/>
          <line num="7" count="0" type="stmt"/>
          <line num="8" count="0" type="cond" truecount="0" falsecount="4"/>
          <line num="12" count="0" type="stmt"/>
          <line num="18" count="0" type="stmt"/>
        </file>
      </package>
      <package name="src.app.store.ducks">
        <metrics statements="25" coveredstatements="18" conditionals="0" coveredconditionals="0" methods="13" coveredmethods="0"/>
        <file name="category.js" path="/Users/ebenezer/CursoReact/leitura-udacity/frontend/src/app/store/ducks/category.js">
          <metrics statements="7" coveredstatements="0" conditionals="0" coveredconditionals="0" methods="1" coveredmethods="0"/>
          <line num="1" count="0" type="stmt"/>
          <line num="5" count="0" type="stmt"/>
          <line num="7" count="0" type="stmt"/>
          <line num="10" count="0" type="stmt"/>
          <line num="14" count="0" type="stmt"/>
          <line num="20" count="0" type="stmt"/>
          <line num="24" count="0" type="stmt"/>
        </file>
        <file name="comment.js" path="/Users/ebenezer/CursoReact/leitura-udacity/frontend/src/app/store/ducks/comment.js">
          <metrics statements="7" coveredstatements="7" conditionals="0" coveredconditionals="0" methods="4" coveredmethods="0"/>
          <line num="5" count="2" type="stmt"/>
          <line num="29" count="2" type="stmt"/>
          <line num="35" count="2" type="stmt"/>
          <line num="40" count="2" type="stmt"/>
          <line num="51" count="2" type="stmt"/>
          <line num="55" count="2" type="stmt"/>
          <line num="58" count="2" type="stmt"/>
        </file>
        <file name="posts.js" path="/Users/ebenezer/CursoReact/leitura-udacity/frontend/src/app/store/ducks/posts.js">
          <metrics statements="11" coveredstatements="11" conditionals="0" coveredconditionals="0" methods="8" coveredmethods="0"/>
          <line num="5" count="2" type="stmt"/>
          <line num="32" count="2" type="stmt"/>
          <line num="44" count="2" type="stmt"/>
          <line num="49" count="2" type="stmt"/>
          <line num="57" count="2" type="stmt"/>
          <line num="65" count="2" type="stmt"/>
          <line num="73" count="2" type="stmt"/>
          <line num="78" count="2" type="stmt"/>
          <line num="91" count="2" type="stmt"/>
          <line num="96" count="2" type="stmt"/>
          <line num="102" count="2" type="stmt"/>
        </file>
      </package>
      <package name="src.app.store.sagas">
        <metrics statements="47" coveredstatements="0" conditionals="40" coveredconditionals="0" methods="18" coveredmethods="0"/>
        <file name="category.js" path="/Users/ebenezer/CursoReact/leitura-udacity/frontend/src/app/store/sagas/category.js">
          <metrics statements="7" coveredstatements="0" conditionals="6" coveredconditionals="0" methods="3" coveredmethods="0"/>
          <line num="1" count="0" type="stmt"/>
          <line num="6" count="0" type="cond" truecount="0" falsecount="4"/>
          <line num="8" count="0" type="stmt"/>
          <line num="10" count="0" type="cond" truecount="0" falsecount="2"/>
          <line num="12" count="0" type="stmt"/>
          <line num="13" count="0" type="stmt"/>
          <line num="16" count="0" type="stmt"/>
        </file>
        <file name="comment.js" path="/Users/ebenezer/CursoReact/leitura-udacity/frontend/src/app/store/sagas/comment.js">
          <metrics statements="18" coveredstatements="0" conditionals="16" coveredconditionals="0" methods="7" coveredmethods="0"/>
          <line num="1" count="0" type="stmt"/>
          <line num="12" count="0" type="stmt"/>
          <line num="40" count="0" type="stmt"/>
          <line num="54" count="0" type="stmt"/>
          <line num="68" count="0" type="cond" truecount="0" falsecount="6"/>
          <line num="69" count="0" type="stmt"/>
          <line num="70" count="0" type="stmt"/>
          <line num="71" count="0" type="stmt"/>
          <line num="72" count="0" type="cond" truecount="0" falsecount="2"/>
          <line num="73" count="0" type="cond" truecount="0" falsecount="2"/>
          <line num="74" count="0" type="stmt"/>
          <line num="75" count="0" type="cond" truecount="0" falsecount="2"/>
          <line num="76" count="0" type="cond" truecount="0" falsecount="2"/>
          <line num="77" count="0" type="stmt"/>
          <line num="78" count="0" type="stmt"/>
          <line num="79" count="0" type="stmt"/>
          <line num="80" count="0" type="cond" truecount="0" falsecount="2"/>
          <line num="81" count="0" type="stmt"/>
        </file>
        <file name="index.js" path="/Users/ebenezer/CursoReact/leitura-udacity/frontend/src/app/store/sagas/index.js">
          <metrics statements="3" coveredstatements="0" conditionals="0" coveredconditionals="0" methods="1" coveredmethods="0"/>
          <line num="1" count="0" type="stmt"/>
          <line num="20" count="0" type="stmt"/>
          <line num="21" count="0" type="stmt"/>
        </file>
        <file name="posts.js" path="/Users/ebenezer/CursoReact/leitura-udacity/frontend/src/app/store/sagas/posts.js">
          <metrics statements="19" coveredstatements="0" conditionals="18" coveredconditionals="0" methods="7" coveredmethods="0"/>
          <line num="1" count="0" type="stmt"/>
          <line num="20" count="0" type="stmt"/>
          <line num="38" count="0" type="stmt"/>
          <line num="50" count="0" type="stmt"/>
          <line num="64" count="0" type="stmt"/>
          <line num="80" count="0" type="cond" truecount="0" falsecount="6"/>
          <line num="81" count="0" type="cond" truecount="0" falsecount="2"/>
          <line num="82" count="0" type="stmt"/>
          <line num="83" count="0" type="cond" truecount="0" falsecount="2"/>
          <line num="84" count="0" type="stmt"/>
          <line num="85" count="0" type="cond" truecount="0" falsecount="2"/>
          <line num="86" count="0" type="cond" truecount="0" falsecount="2"/>
          <line num="87" count="0" type="stmt"/>
          <line num="88" count="0" type="cond" truecount="0" falsecount="2"/>
          <line num="89" count="0" type="stmt"/>
          <line num="90" count="0" type="stmt"/>
          <line num="91" count="0" type="stmt"/>
          <line num="92" count="0" type="cond" truecount="0" falsecount="2"/>
          <line num="93" count="0" type="stmt"/>
        </file>
      </package>
      <package name="src.app.util">
        <metrics statements="6" coveredstatements="3" conditionals="0" coveredconditionals="0" methods="3" coveredmethods="1"/>
        <file name="helpers.js" path="/Users/ebenezer/CursoReact/leitura-udacity/frontend/src/app/util/helpers.js">
          <metrics statements="6" coveredstatements="3" conditionals="0" coveredconditionals="0" methods="3" coveredmethods="1"/>
          <line num="3" count="2" type="stmt"/>
          <line num="4" count="0" type="stmt"/>
          <line num="6" count="0" type="stmt"/>
          <line num="8" count="0" type="stmt"/>
          <line num="11" count="2" type="stmt"/>
          <line num="12" count="1" type="stmt"/>
        </file>
      </package>
      <package name="src.app.views">
        <metrics statements="23" coveredstatements="17" conditionals="8" coveredconditionals="4" methods="12" coveredmethods="8"/>
        <file name="Home.js" path="/Users/ebenezer/CursoReact/leitura-udacity/frontend/src/app/views/Home.js">
          <metrics statements="23" coveredstatements="17" conditionals="8" coveredconditionals="4" methods="12" coveredmethods="8"/>
          <line num="25" count="1" type="stmt"/>
          <line num="35" count="8" type="stmt"/>
          <line num="36" count="8" type="stmt"/>
          <line num="38" count="8" type="stmt"/>
          <line num="42" count="0" type="stmt"/>
          <line num="43" count="0" type="cond" truecount="0" falsecount="4"/>
          <line num="45" count="0" type="stmt"/>
          <line num="50" count="8" type="stmt"/>
          <line num="51" count="8" type="stmt"/>
          <line num="54" count="8" type="stmt"/>
          <line num="55" count="8" type="stmt"/>
          <line num="57" count="8" type="stmt"/>
          <line num="93" count="0" type="stmt"/>
          <line num="103" count="0" type="stmt"/>
          <line num="121" count="8" type="stmt"/>
          <line num="140" count="1" type="stmt"/>
          <line num="142" count="8" type="stmt"/>
          <line num="143" count="8" type="stmt"/>
          <line num="149" count="8" type="stmt"/>
          <line num="151" count="8" type="stmt"/>
          <line num="152" count="0" type="stmt"/>
          <line num="153" count="1" type="stmt"/>
          <line num="156" count="8" type="stmt"/>
        </file>
      </package>
    </metrics>
  </project>
</coverage>
