{"/Users/ebenezer/CursoReact/leitura-udacity/frontend/src/index.js": {"path":"/Users/ebenezer/CursoReact/leitura-udacity/frontend/src/index.js","statementMap":{"0":{"start":{"line":1,"column":32},"end":{"line":1,"column":98}},"1":{"start":{"line":5,"column":13},"end":{"line":5,"column":29}},"2":{"start":{"line":5,"column":44},"end":{"line":5,"column":74}},"3":{"start":{"line":5,"column":91},"end":{"line":5,"column":111}},"4":{"start":{"line":5,"column":129},"end":{"line":5,"column":162}},"5":{"start":{"line":5,"column":163},"end":{"line":5,"column":186}},"6":{"start":{"line":5,"column":215},"end":{"line":5,"column":249}},"7":{"start":{"line":5,"column":280},"end":{"line":5,"column":326}},"8":{"start":{"line":6,"column":0},"end":{"line":6,"column":44}},"9":{"start":{"line":8,"column":13},"end":{"line":8,"column":35}},"10":{"start":{"line":8,"column":50},"end":{"line":8,"column":80}},"11":{"start":{"line":8,"column":119},"end":{"line":8,"column":173}},"12":{"start":{"line":10,"column":0},"end":{"line":10,"column":184}},"13":{"start":{"line":11,"column":0},"end":{"line":11,"column":39}}},"fnMap":{"0":{"name":"_interopRequireDefault","decl":{"start":{"line":8,"column":90},"end":{"line":8,"column":112}},"loc":{"start":{"line":8,"column":118},"end":{"line":8,"column":174}},"line":8}},"branchMap":{"0":{"loc":{"start":{"line":8,"column":126},"end":{"line":8,"column":172}},"type":"cond-expr","locations":[{"start":{"line":8,"column":150},"end":{"line":8,"column":153}},{"start":{"line":8,"column":156},"end":{"line":8,"column":172}}],"line":8},"1":{"loc":{"start":{"line":8,"column":126},"end":{"line":8,"column":147}},"type":"binary-expr","locations":[{"start":{"line":8,"column":126},"end":{"line":8,"column":129}},{"start":{"line":8,"column":133},"end":{"line":8,"column":147}}],"line":8}},"s":{"0":0,"1":0,"2":0,"3":0,"4":0,"5":0,"6":0,"7":0,"8":0,"9":0,"10":0,"11":0,"12":0,"13":0},"f":{"0":0},"b":{"0":[0,0],"1":[0,0]}}
,"/Users/ebenezer/CursoReact/leitura-udacity/frontend/src/registerServiceWorker.js": {"path":"/Users/ebenezer/CursoReact/leitura-udacity/frontend/src/registerServiceWorker.js","statementMap":{"0":{"start":{"line":1,"column":13},"end":{"line":1,"column":75}},"1":{"start":{"line":1,"column":75},"end":{"line":21,"column":9}},"2":{"start":{"line":21,"column":9},"end":{"line":111,"column":24}},"3":{"start":{"line":118,"column":20},"end":{"line":120,"column":89}},"4":{"start":{"line":120,"column":111},"end":{"line":128,"column":36}},"5":{"start":{"line":121,"column":22},"end":{"line":121,"column":70}},"6":{"start":{"line":121,"column":71},"end":{"line":124,"column":14}},"7":{"start":{"line":124,"column":6},"end":{"line":124,"column":13}},"8":{"start":{"line":124,"column":14},"end":{"line":128,"column":35}},"9":{"start":{"line":124,"column":67},"end":{"line":124,"column":112}},"10":{"start":{"line":124,"column":113},"end":{"line":128,"column":32}},"11":{"start":{"line":125,"column":8},"end":{"line":125,"column":39}},"12":{"start":{"line":127,"column":8},"end":{"line":127,"column":178}},"13":{"start":{"line":127,"column":50},"end":{"line":127,"column":175}},"14":{"start":{"line":128,"column":8},"end":{"line":128,"column":31}},"15":{"start":{"line":128,"column":70},"end":{"line":135,"column":156}},"16":{"start":{"line":128,"column":132},"end":{"line":135,"column":68}},"17":{"start":{"line":128,"column":193},"end":{"line":128,"column":216}},"18":{"start":{"line":128,"column":217},"end":{"line":135,"column":66}},"19":{"start":{"line":128,"column":257},"end":{"line":135,"column":64}},"20":{"start":{"line":128,"column":302},"end":{"line":135,"column":63}},"21":{"start":{"line":132,"column":12},"end":{"line":132,"column":69}},"22":{"start":{"line":135,"column":12},"end":{"line":135,"column":62}},"23":{"start":{"line":135,"column":87},"end":{"line":135,"column":153}},"24":{"start":{"line":136,"column":2},"end":{"line":139,"column":126}},"25":{"start":{"line":137,"column":4},"end":{"line":139,"column":30}},"26":{"start":{"line":138,"column":6},"end":{"line":138,"column":127}},"27":{"start":{"line":138,"column":58},"end":{"line":138,"column":124}},"28":{"start":{"line":138,"column":96},"end":{"line":138,"column":121}},"29":{"start":{"line":139,"column":6},"end":{"line":139,"column":29}},"30":{"start":{"line":139,"column":46},"end":{"line":139,"column":123}},"31":{"start":{"line":139,"column":150},"end":{"line":139,"column":267}},"32":{"start":{"line":139,"column":185},"end":{"line":139,"column":266}},"33":{"start":{"line":139,"column":237},"end":{"line":139,"column":263}}},"fnMap":{"0":{"name":"register","decl":{"start":{"line":120,"column":99},"end":{"line":120,"column":107}},"loc":{"start":{"line":120,"column":110},"end":{"line":128,"column":37}},"line":120},"1":{"name":"(anonymous_1)","decl":{"start":{"line":124,"column":46},"end":{"line":124,"column":47}},"loc":{"start":{"line":124,"column":52},"end":{"line":128,"column":33}},"line":124},"2":{"name":"(anonymous_2)","decl":{"start":{"line":127,"column":43},"end":{"line":127,"column":44}},"loc":{"start":{"line":127,"column":49},"end":{"line":127,"column":176}},"line":127},"3":{"name":"registerValidSW","decl":{"start":{"line":128,"column":46},"end":{"line":128,"column":61}},"loc":{"start":{"line":128,"column":69},"end":{"line":135,"column":157}},"line":128},"4":{"name":"(anonymous_4)","decl":{"start":{"line":128,"column":115},"end":{"line":128,"column":116}},"loc":{"start":{"line":128,"column":131},"end":{"line":135,"column":69}},"line":128},"5":{"name":"(anonymous_5)","decl":{"start":{"line":128,"column":161},"end":{"line":128,"column":162}},"loc":{"start":{"line":128,"column":167},"end":{"line":135,"column":67}},"line":128},"6":{"name":"(anonymous_6)","decl":{"start":{"line":128,"column":250},"end":{"line":128,"column":251}},"loc":{"start":{"line":128,"column":256},"end":{"line":135,"column":65}},"line":128},"7":{"name":"(anonymous_7)","decl":{"start":{"line":135,"column":77},"end":{"line":135,"column":78}},"loc":{"start":{"line":135,"column":86},"end":{"line":135,"column":154}},"line":135},"8":{"name":"checkValidServiceWorker","decl":{"start":{"line":135,"column":166},"end":{"line":135,"column":189}},"loc":{"start":{"line":135,"column":197},"end":{"line":139,"column":127}},"line":135},"9":{"name":"(anonymous_9)","decl":{"start":{"line":136,"column":20},"end":{"line":136,"column":21}},"loc":{"start":{"line":136,"column":32},"end":{"line":139,"column":31}},"line":136},"10":{"name":"(anonymous_10)","decl":{"start":{"line":138,"column":41},"end":{"line":138,"column":42}},"loc":{"start":{"line":138,"column":57},"end":{"line":138,"column":125}},"line":138},"11":{"name":"(anonymous_11)","decl":{"start":{"line":138,"column":89},"end":{"line":138,"column":90}},"loc":{"start":{"line":138,"column":95},"end":{"line":138,"column":122}},"line":138},"12":{"name":"(anonymous_12)","decl":{"start":{"line":139,"column":39},"end":{"line":139,"column":40}},"loc":{"start":{"line":139,"column":45},"end":{"line":139,"column":124}},"line":139},"13":{"name":"unregister","decl":{"start":{"line":139,"column":136},"end":{"line":139,"column":146}},"loc":{"start":{"line":139,"column":149},"end":{"line":139,"column":268}},"line":139},"14":{"name":"(anonymous_14)","decl":{"start":{"line":139,"column":220},"end":{"line":139,"column":221}},"loc":{"start":{"line":139,"column":236},"end":{"line":139,"column":264}},"line":139}},"branchMap":{"0":{"loc":{"start":{"line":118,"column":28},"end":{"line":120,"column":88}},"type":"binary-expr","locations":[{"start":{"line":118,"column":28},"end":{"line":118,"column":68}},{"start":{"line":119,"column":0},"end":{"line":119,"column":36}},{"start":{"line":120,"column":0},"end":{"line":120,"column":88}}],"line":118},"1":{"loc":{"start":{"line":120,"column":111},"end":{"line":128,"column":36}},"type":"if","locations":[{"start":{"line":120,"column":111},"end":{"line":128,"column":36}},{"start":{"line":120,"column":111},"end":{"line":128,"column":36}}],"line":120},"2":{"loc":{"start":{"line":120,"column":115},"end":{"line":120,"column":184}},"type":"binary-expr","locations":[{"start":{"line":120,"column":115},"end":{"line":120,"column":152}},{"start":{"line":120,"column":156},"end":{"line":120,"column":184}}],"line":120},"3":{"loc":{"start":{"line":121,"column":71},"end":{"line":124,"column":14}},"type":"if","locations":[{"start":{"line":121,"column":71},"end":{"line":124,"column":14}},{"start":{"line":121,"column":71},"end":{"line":124,"column":14}}],"line":121},"4":{"loc":{"start":{"line":124,"column":113},"end":{"line":128,"column":32}},"type":"if","locations":[{"start":{"line":124,"column":113},"end":{"line":128,"column":32}},{"start":{"line":124,"column":113},"end":{"line":128,"column":32}}],"line":124},"5":{"loc":{"start":{"line":128,"column":257},"end":{"line":135,"column":64}},"type":"if","locations":[{"start":{"line":128,"column":257},"end":{"line":135,"column":64}},{"start":{"line":128,"column":257},"end":{"line":135,"column":64}}],"line":128},"6":{"loc":{"start":{"line":128,"column":302},"end":{"line":135,"column":63}},"type":"if","locations":[{"start":{"line":128,"column":302},"end":{"line":135,"column":63}},{"start":{"line":128,"column":302},"end":{"line":135,"column":63}}],"line":128},"7":{"loc":{"start":{"line":137,"column":4},"end":{"line":139,"column":30}},"type":"if","locations":[{"start":{"line":137,"column":4},"end":{"line":139,"column":30}},{"start":{"line":137,"column":4},"end":{"line":139,"column":30}}],"line":137},"8":{"loc":{"start":{"line":137,"column":8},"end":{"line":137,"column":100}},"type":"binary-expr","locations":[{"start":{"line":137,"column":8},"end":{"line":137,"column":31}},{"start":{"line":137,"column":35},"end":{"line":137,"column":100}}],"line":137},"9":{"loc":{"start":{"line":139,"column":150},"end":{"line":139,"column":267}},"type":"if","locations":[{"start":{"line":139,"column":150},"end":{"line":139,"column":267}},{"start":{"line":139,"column":150},"end":{"line":139,"column":267}}],"line":139}},"s":{"0":0,"1":0,"2":0,"3":0,"4":0,"5":0,"6":0,"7":0,"8":0,"9":0,"10":0,"11":0,"12":0,"13":0,"14":0,"15":0,"16":0,"17":0,"18":0,"19":0,"20":0,"21":0,"22":0,"23":0,"24":0,"25":0,"26":0,"27":0,"28":0,"29":0,"30":0,"31":0,"32":0,"33":0},"f":{"0":0,"1":0,"2":0,"3":0,"4":0,"5":0,"6":0,"7":0,"8":0,"9":0,"10":0,"11":0,"12":0,"13":0,"14":0},"b":{"0":[0,0,0],"1":[0,0],"2":[0,0],"3":[0,0],"4":[0,0],"5":[0,0],"6":[0,0],"7":[0,0],"8":[0,0],"9":[0,0]}}
,"/Users/ebenezer/CursoReact/leitura-udacity/frontend/src/setupTests.js": {"path":"/Users/ebenezer/CursoReact/leitura-udacity/frontend/src/setupTests.js","statementMap":{"0":{"start":{"line":4,"column":0},"end":{"line":4,"column":45}}},"fnMap":{},"branchMap":{},"s":{"0":3},"f":{},"b":{},"_coverageSchema":"332fd63041d2c1bcb487cc26dd0d5f7d97098a6c","hash":"edda74b40fe640d00b4be895a3874bebbd7bb21d"}
,"/Users/ebenezer/CursoReact/leitura-udacity/frontend/src/App/components/CommentPost/index.js": {"path":"/Users/ebenezer/CursoReact/leitura-udacity/frontend/src/App/components/CommentPost/index.js","statementMap":{"0":{"start":{"line":13,"column":22},"end":{"line":16,"column":1}},"1":{"start":{"line":24,"column":20},"end":{"line":28,"column":5}},"2":{"start":{"line":30,"column":4},"end":{"line":30,"column":60}},"3":{"start":{"line":35,"column":4},"end":{"line":41,"column":7}},"4":{"start":{"line":40,"column":20},"end":{"line":40,"column":67}},"5":{"start":{"line":45,"column":22},"end":{"line":45,"column":93}},"6":{"start":{"line":47,"column":25},"end":{"line":47,"column":84}},"7":{"start":{"line":49,"column":21},"end":{"line":49,"column":49}},"8":{"start":{"line":53,"column":51},"end":{"line":53,"column":69}},"9":{"start":{"line":55,"column":4},"end":{"line":117,"column":6}},"10":{"start":{"line":69,"column":49},"end":{"line":69,"column":76}},"11":{"start":{"line":73,"column":49},"end":{"line":73,"column":78}},"12":{"start":{"line":91,"column":46},"end":{"line":91,"column":80}},"13":{"start":{"line":122,"column":27},"end":{"line":127,"column":2}},"14":{"start":{"line":122,"column":40},"end":{"line":127,"column":1}},"15":{"start":{"line":124,"column":45},"end":{"line":124,"column":107}},"16":{"start":{"line":125,"column":30},"end":{"line":125,"column":79}},"17":{"start":{"line":126,"column":48},"end":{"line":126,"column":113}}},"fnMap":{"0":{"name":"(anonymous_0)","decl":{"start":{"line":23,"column":18},"end":{"line":23,"column":19}},"loc":{"start":{"line":23,"column":24},"end":{"line":31,"column":3}},"line":23},"1":{"name":"(anonymous_1)","decl":{"start":{"line":34,"column":18},"end":{"line":34,"column":19}},"loc":{"start":{"line":34,"column":24},"end":{"line":42,"column":3}},"line":34},"2":{"name":"(anonymous_2)","decl":{"start":{"line":40,"column":12},"end":{"line":40,"column":13}},"loc":{"start":{"line":40,"column":18},"end":{"line":40,"column":69}},"line":40},"3":{"name":"(anonymous_3)","decl":{"start":{"line":45,"column":16},"end":{"line":45,"column":17}},"loc":{"start":{"line":45,"column":22},"end":{"line":45,"column":93}},"line":45},"4":{"name":"(anonymous_4)","decl":{"start":{"line":47,"column":16},"end":{"line":47,"column":17}},"loc":{"start":{"line":47,"column":25},"end":{"line":47,"column":84}},"line":47},"5":{"name":"(anonymous_5)","decl":{"start":{"line":49,"column":15},"end":{"line":49,"column":16}},"loc":{"start":{"line":49,"column":21},"end":{"line":49,"column":49}},"line":49},"6":{"name":"(anonymous_6)","decl":{"start":{"line":51,"column":2},"end":{"line":51,"column":3}},"loc":{"start":{"line":51,"column":11},"end":{"line":118,"column":3}},"line":51},"7":{"name":"(anonymous_7)","decl":{"start":{"line":69,"column":41},"end":{"line":69,"column":42}},"loc":{"start":{"line":69,"column":47},"end":{"line":69,"column":78}},"line":69},"8":{"name":"(anonymous_8)","decl":{"start":{"line":73,"column":41},"end":{"line":73,"column":42}},"loc":{"start":{"line":73,"column":47},"end":{"line":73,"column":80}},"line":73},"9":{"name":"(anonymous_9)","decl":{"start":{"line":91,"column":28},"end":{"line":91,"column":29}},"loc":{"start":{"line":91,"column":46},"end":{"line":91,"column":80}},"line":91},"10":{"name":"(anonymous_10)","decl":{"start":{"line":122,"column":27},"end":{"line":122,"column":28}},"loc":{"start":{"line":122,"column":40},"end":{"line":127,"column":1}},"line":122},"11":{"name":"(anonymous_11)","decl":{"start":{"line":124,"column":15},"end":{"line":124,"column":16}},"loc":{"start":{"line":124,"column":45},"end":{"line":124,"column":107}},"line":124},"12":{"name":"(anonymous_12)","decl":{"start":{"line":125,"column":17},"end":{"line":125,"column":18}},"loc":{"start":{"line":125,"column":30},"end":{"line":125,"column":79}},"line":125},"13":{"name":"(anonymous_13)","decl":{"start":{"line":126,"column":22},"end":{"line":126,"column":23}},"loc":{"start":{"line":126,"column":48},"end":{"line":126,"column":113}},"line":126}},"branchMap":{"0":{"loc":{"start":{"line":62,"column":33},"end":{"line":62,"column":56}},"type":"binary-expr","locations":[{"start":{"line":62,"column":33},"end":{"line":62,"column":42}},{"start":{"line":62,"column":46},"end":{"line":62,"column":56}}],"line":62},"1":{"loc":{"start":{"line":79,"column":13},"end":{"line":113,"column":13}},"type":"cond-expr","locations":[{"start":{"line":80,"column":14},"end":{"line":100,"column":20}},{"start":{"line":102,"column":14},"end":{"line":112,"column":20}}],"line":79}},"s":{"0":2,"1":0,"2":0,"3":0,"4":0,"5":0,"6":0,"7":0,"8":0,"9":0,"10":0,"11":0,"12":0,"13":2,"14":0,"15":0,"16":0,"17":0},"f":{"0":0,"1":0,"2":0,"3":0,"4":0,"5":0,"6":0,"7":0,"8":0,"9":0,"10":0,"11":0,"12":0,"13":0},"b":{"0":[0,0],"1":[0,0]},"_coverageSchema":"332fd63041d2c1bcb487cc26dd0d5f7d97098a6c","hash":"c28991d1f4f66ec15437b579ac8289cac88d075a"}
,"/Users/ebenezer/CursoReact/leitura-udacity/frontend/src/App/components/FormPost/index.js": {"path":"/Users/ebenezer/CursoReact/leitura-udacity/frontend/src/App/components/FormPost/index.js","statementMap":{"0":{"start":{"line":14,"column":22},"end":{"line":22,"column":1}},"1":{"start":{"line":28,"column":41},"end":{"line":28,"column":73}},"2":{"start":{"line":33,"column":4},"end":{"line":45,"column":5}},"3":{"start":{"line":34,"column":52},"end":{"line":34,"column":80}},"4":{"start":{"line":35,"column":6},"end":{"line":42,"column":9}},"5":{"start":{"line":44,"column":6},"end":{"line":44,"column":35}},"6":{"start":{"line":50,"column":4},"end":{"line":53,"column":5}},"7":{"start":{"line":51,"column":6},"end":{"line":51,"column":44}},"8":{"start":{"line":52,"column":6},"end":{"line":52,"column":12}},"9":{"start":{"line":55,"column":4},"end":{"line":60,"column":5}},"10":{"start":{"line":56,"column":6},"end":{"line":56,"column":21}},"11":{"start":{"line":59,"column":6},"end":{"line":59,"column":22}},"12":{"start":{"line":64,"column":17},"end":{"line":71,"column":5}},"13":{"start":{"line":73,"column":4},"end":{"line":73,"column":36}},"14":{"start":{"line":77,"column":21},"end":{"line":81,"column":5}},"15":{"start":{"line":83,"column":4},"end":{"line":83,"column":41}},"16":{"start":{"line":87,"column":4},"end":{"line":87,"column":33}},"17":{"start":{"line":88,"column":4},"end":{"line":88,"column":33}},"18":{"start":{"line":95,"column":27},"end":{"line":95,"column":51}},"19":{"start":{"line":96,"column":26},"end":{"line":96,"column":46}},"20":{"start":{"line":98,"column":50},"end":{"line":98,"column":60}},"21":{"start":{"line":100,"column":4},"end":{"line":130,"column":6}},"22":{"start":{"line":134,"column":24},"end":{"line":137,"column":2}},"23":{"start":{"line":134,"column":34},"end":{"line":137,"column":1}},"24":{"start":{"line":139,"column":27},"end":{"line":142,"column":2}},"25":{"start":{"line":139,"column":40},"end":{"line":142,"column":1}},"26":{"start":{"line":140,"column":27},"end":{"line":140,"column":70}},"27":{"start":{"line":141,"column":29},"end":{"line":141,"column":72}}},"fnMap":{"0":{"name":"(anonymous_0)","decl":{"start":{"line":28,"column":17},"end":{"line":28,"column":18}},"loc":{"start":{"line":28,"column":41},"end":{"line":28,"column":73}},"line":28},"1":{"name":"(anonymous_1)","decl":{"start":{"line":31,"column":2},"end":{"line":31,"column":3}},"loc":{"start":{"line":31,"column":39},"end":{"line":46,"column":3}},"line":31},"2":{"name":"(anonymous_2)","decl":{"start":{"line":48,"column":13},"end":{"line":48,"column":14}},"loc":{"start":{"line":48,"column":19},"end":{"line":61,"column":3}},"line":48},"3":{"name":"(anonymous_3)","decl":{"start":{"line":63,"column":12},"end":{"line":63,"column":13}},"loc":{"start":{"line":63,"column":18},"end":{"line":74,"column":3}},"line":63},"4":{"name":"(anonymous_4)","decl":{"start":{"line":76,"column":13},"end":{"line":76,"column":14}},"loc":{"start":{"line":76,"column":19},"end":{"line":84,"column":3}},"line":76},"5":{"name":"(anonymous_5)","decl":{"start":{"line":86,"column":13},"end":{"line":86,"column":14}},"loc":{"start":{"line":86,"column":19},"end":{"line":89,"column":3}},"line":86},"6":{"name":"(anonymous_6)","decl":{"start":{"line":93,"column":2},"end":{"line":93,"column":3}},"loc":{"start":{"line":93,"column":11},"end":{"line":131,"column":3}},"line":93},"7":{"name":"(anonymous_7)","decl":{"start":{"line":134,"column":24},"end":{"line":134,"column":25}},"loc":{"start":{"line":134,"column":34},"end":{"line":137,"column":1}},"line":134},"8":{"name":"(anonymous_8)","decl":{"start":{"line":139,"column":27},"end":{"line":139,"column":28}},"loc":{"start":{"line":139,"column":40},"end":{"line":142,"column":1}},"line":139},"9":{"name":"(anonymous_9)","decl":{"start":{"line":140,"column":15},"end":{"line":140,"column":16}},"loc":{"start":{"line":140,"column":27},"end":{"line":140,"column":70}},"line":140},"10":{"name":"(anonymous_10)","decl":{"start":{"line":141,"column":12},"end":{"line":141,"column":13}},"loc":{"start":{"line":141,"column":29},"end":{"line":141,"column":72}},"line":141}},"branchMap":{"0":{"loc":{"start":{"line":33,"column":4},"end":{"line":45,"column":5}},"type":"if","locations":[{"start":{"line":33,"column":4},"end":{"line":45,"column":5}},{"start":{"line":33,"column":4},"end":{"line":45,"column":5}}],"line":33},"1":{"loc":{"start":{"line":41,"column":20},"end":{"line":41,"column":49}},"type":"cond-expr","locations":[{"start":{"line":41,"column":25},"end":{"line":41,"column":36}},{"start":{"line":41,"column":39},"end":{"line":41,"column":49}}],"line":41},"2":{"loc":{"start":{"line":50,"column":4},"end":{"line":53,"column":5}},"type":"if","locations":[{"start":{"line":50,"column":4},"end":{"line":53,"column":5}},{"start":{"line":50,"column":4},"end":{"line":53,"column":5}}],"line":50},"3":{"loc":{"start":{"line":55,"column":4},"end":{"line":60,"column":5}},"type":"if","locations":[{"start":{"line":55,"column":4},"end":{"line":60,"column":5}},{"start":{"line":55,"column":4},"end":{"line":60,"column":5}}],"line":55},"4":{"loc":{"start":{"line":109,"column":41},"end":{"line":109,"column":58}},"type":"cond-expr","locations":[{"start":{"line":109,"column":46},"end":{"line":109,"column":50}},{"start":{"line":109,"column":53},"end":{"line":109,"column":58}}],"line":109},"5":{"loc":{"start":{"line":114,"column":24},"end":{"line":114,"column":41}},"type":"cond-expr","locations":[{"start":{"line":114,"column":29},"end":{"line":114,"column":33}},{"start":{"line":114,"column":36},"end":{"line":114,"column":41}}],"line":114}},"s":{"0":1,"1":0,"2":0,"3":0,"4":0,"5":0,"6":0,"7":0,"8":0,"9":0,"10":0,"11":0,"12":0,"13":0,"14":0,"15":0,"16":0,"17":0,"18":0,"19":0,"20":0,"21":0,"22":1,"23":0,"24":1,"25":0,"26":0,"27":0},"f":{"0":0,"1":0,"2":0,"3":0,"4":0,"5":0,"6":0,"7":0,"8":0,"9":0,"10":0},"b":{"0":[0,0],"1":[0,0],"2":[0,0],"3":[0,0],"4":[0,0],"5":[0,0]},"_coverageSchema":"332fd63041d2c1bcb487cc26dd0d5f7d97098a6c","hash":"410bffcd880800ad4404b4c12773d97ebc2fb61f"}
,"/Users/ebenezer/CursoReact/leitura-udacity/frontend/src/App/store/ducks/category.js": {"path":"/Users/ebenezer/CursoReact/leitura-udacity/frontend/src/App/store/ducks/category.js","statementMap":{"0":{"start":{"line":5,"column":28},"end":{"line":8,"column":2}},"1":{"start":{"line":14,"column":22},"end":{"line":16,"column":1}},"2":{"start":{"line":20,"column":23},"end":{"line":22,"column":2}},"3":{"start":{"line":20,"column":43},"end":{"line":22,"column":1}},"4":{"start":{"line":24,"column":23},"end":{"line":27,"column":2}}},"fnMap":{"0":{"name":"(anonymous_0)","decl":{"start":{"line":20,"column":23},"end":{"line":20,"column":24}},"loc":{"start":{"line":20,"column":43},"end":{"line":22,"column":1}},"line":20}},"branchMap":{},"s":{"0":1,"1":1,"2":1,"3":0,"4":1},"f":{"0":0},"b":{},"_coverageSchema":"332fd63041d2c1bcb487cc26dd0d5f7d97098a6c","hash":"bead5140b05262f660d17045d75fa36e847dcd01"}
,"/Users/ebenezer/CursoReact/leitura-udacity/frontend/src/app/index.js": {"path":"/Users/ebenezer/CursoReact/leitura-udacity/frontend/src/app/index.js","statementMap":{"0":{"start":{"line":1,"column":13},"end":{"line":1,"column":75}},"1":{"start":{"line":1,"column":94},"end":{"line":1,"column":164}},"2":{"start":{"line":1,"column":178},"end":{"line":1,"column":194}},"3":{"start":{"line":1,"column":209},"end":{"line":1,"column":239}},"4":{"start":{"line":2,"column":22},"end":{"line":2,"column":49}},"5":{"start":{"line":3,"column":12},"end":{"line":3,"column":35}},"6":{"start":{"line":3,"column":49},"end":{"line":3,"column":78}},"7":{"start":{"line":5,"column":18},"end":{"line":5,"column":40}},"8":{"start":{"line":6,"column":13},"end":{"line":6,"column":31}},"9":{"start":{"line":6,"column":46},"end":{"line":6,"column":76}},"10":{"start":{"line":6,"column":115},"end":{"line":6,"column":169}},"11":{"start":{"line":8,"column":14},"end":{"line":8,"column":36}},"12":{"start":{"line":8,"column":37},"end":{"line":15,"column":209}},"13":{"start":{"line":11,"column":0},"end":{"line":15,"column":208}}},"fnMap":{"0":{"name":"_interopRequireDefault","decl":{"start":{"line":6,"column":86},"end":{"line":6,"column":108}},"loc":{"start":{"line":6,"column":114},"end":{"line":6,"column":170}},"line":6},"1":{"name":"(anonymous_1)","decl":{"start":{"line":10,"column":0},"end":{"line":10,"column":1}},"loc":{"start":{"line":11,"column":0},"end":{"line":15,"column":208}},"line":11}},"branchMap":{"0":{"loc":{"start":{"line":6,"column":122},"end":{"line":6,"column":168}},"type":"cond-expr","locations":[{"start":{"line":6,"column":146},"end":{"line":6,"column":149}},{"start":{"line":6,"column":152},"end":{"line":6,"column":168}}],"line":6},"1":{"loc":{"start":{"line":6,"column":122},"end":{"line":6,"column":143}},"type":"binary-expr","locations":[{"start":{"line":6,"column":122},"end":{"line":6,"column":125}},{"start":{"line":6,"column":129},"end":{"line":6,"column":143}}],"line":6}},"s":{"0":0,"1":0,"2":0,"3":0,"4":0,"5":0,"6":0,"7":0,"8":0,"9":0,"10":0,"11":0,"12":0,"13":0},"f":{"0":0,"1":0},"b":{"0":[0,0],"1":[0,0]}}
,"/Users/ebenezer/CursoReact/leitura-udacity/frontend/src/app/api/api.js": {"path":"/Users/ebenezer/CursoReact/leitura-udacity/frontend/src/app/api/api.js","statementMap":{"0":{"start":{"line":1,"column":13},"end":{"line":1,"column":75}},"1":{"start":{"line":1,"column":91},"end":{"line":1,"column":110}},"2":{"start":{"line":3,"column":16},"end":{"line":3,"column":39}},"3":{"start":{"line":5,"column":12},"end":{"line":5,"column":30}},"4":{"start":{"line":6,"column":0},"end":{"line":6,"column":68}},"5":{"start":{"line":6,"column":12},"end":{"line":6,"column":68}},"6":{"start":{"line":8,"column":16},"end":{"line":10,"column":24}},"7":{"start":{"line":14,"column":0},"end":{"line":16,"column":22}}},"fnMap":{},"branchMap":{"0":{"loc":{"start":{"line":6,"column":0},"end":{"line":6,"column":68}},"type":"if","locations":[{"start":{"line":6,"column":0},"end":{"line":6,"column":68}},{"start":{"line":6,"column":0},"end":{"line":6,"column":68}}],"line":6}},"s":{"0":0,"1":0,"2":0,"3":0,"4":0,"5":0,"6":0,"7":0},"f":{},"b":{"0":[0,0]}}
,"/Users/ebenezer/CursoReact/leitura-udacity/frontend/src/app/api/apiCategory.js": {"path":"/Users/ebenezer/CursoReact/leitura-udacity/frontend/src/app/api/apiCategory.js","statementMap":{"0":{"start":{"line":1,"column":13},"end":{"line":1,"column":75}},"1":{"start":{"line":1,"column":75},"end":{"line":1,"column":112}},"2":{"start":{"line":1,"column":123},"end":{"line":1,"column":139}},"3":{"start":{"line":1,"column":152},"end":{"line":1,"column":180}},"4":{"start":{"line":1,"column":219},"end":{"line":1,"column":273}},"5":{"start":{"line":3,"column":25},"end":{"line":3,"column":90}},"6":{"start":{"line":3,"column":58},"end":{"line":3,"column":90}}},"fnMap":{"0":{"name":"_interopRequireDefault","decl":{"start":{"line":1,"column":190},"end":{"line":1,"column":212}},"loc":{"start":{"line":1,"column":218},"end":{"line":1,"column":274}},"line":1},"1":{"name":"(anonymous_1)","decl":{"start":{"line":3,"column":52},"end":{"line":3,"column":53}},"loc":{"start":{"line":3,"column":58},"end":{"line":3,"column":90}},"line":3}},"branchMap":{"0":{"loc":{"start":{"line":1,"column":226},"end":{"line":1,"column":272}},"type":"cond-expr","locations":[{"start":{"line":1,"column":250},"end":{"line":1,"column":253}},{"start":{"line":1,"column":256},"end":{"line":1,"column":272}}],"line":1},"1":{"loc":{"start":{"line":1,"column":226},"end":{"line":1,"column":247}},"type":"binary-expr","locations":[{"start":{"line":1,"column":226},"end":{"line":1,"column":229}},{"start":{"line":1,"column":233},"end":{"line":1,"column":247}}],"line":1}},"s":{"0":0,"1":0,"2":0,"3":0,"4":0,"5":0,"6":0},"f":{"0":0,"1":0},"b":{"0":[0,0],"1":[0,0]}}
,"/Users/ebenezer/CursoReact/leitura-udacity/frontend/src/app/api/apiComment.js": {"path":"/Users/ebenezer/CursoReact/leitura-udacity/frontend/src/app/api/apiComment.js","statementMap":{"0":{"start":{"line":1,"column":13},"end":{"line":1,"column":75}},"1":{"start":{"line":1,"column":75},"end":{"line":1,"column":189}},"2":{"start":{"line":1,"column":200},"end":{"line":1,"column":216}},"3":{"start":{"line":1,"column":229},"end":{"line":1,"column":257}},"4":{"start":{"line":1,"column":296},"end":{"line":1,"column":350}},"5":{"start":{"line":3,"column":32},"end":{"line":3,"column":122}},"6":{"start":{"line":3,"column":76},"end":{"line":3,"column":122}},"7":{"start":{"line":5,"column":12},"end":{"line":5,"column":77}},"8":{"start":{"line":5,"column":37},"end":{"line":5,"column":77}},"9":{"start":{"line":7,"column":15},"end":{"line":7,"column":96}},"10":{"start":{"line":7,"column":43},"end":{"line":7,"column":96}},"11":{"start":{"line":9,"column":15},"end":{"line":9,"column":91}},"12":{"start":{"line":9,"column":45},"end":{"line":9,"column":91}},"13":{"start":{"line":11,"column":20},"end":{"line":11,"column":115}},"14":{"start":{"line":11,"column":64},"end":{"line":11,"column":115}}},"fnMap":{"0":{"name":"_interopRequireDefault","decl":{"start":{"line":1,"column":267},"end":{"line":1,"column":289}},"loc":{"start":{"line":1,"column":295},"end":{"line":1,"column":351}},"line":1},"1":{"name":"(anonymous_1)","decl":{"start":{"line":3,"column":66},"end":{"line":3,"column":67}},"loc":{"start":{"line":3,"column":76},"end":{"line":3,"column":122}},"line":3},"2":{"name":"(anonymous_2)","decl":{"start":{"line":5,"column":26},"end":{"line":5,"column":27}},"loc":{"start":{"line":5,"column":37},"end":{"line":5,"column":77}},"line":5},"3":{"name":"(anonymous_3)","decl":{"start":{"line":7,"column":32},"end":{"line":7,"column":33}},"loc":{"start":{"line":7,"column":43},"end":{"line":7,"column":96}},"line":7},"4":{"name":"(anonymous_4)","decl":{"start":{"line":9,"column":32},"end":{"line":9,"column":33}},"loc":{"start":{"line":9,"column":45},"end":{"line":9,"column":91}},"line":9},"5":{"name":"(anonymous_5)","decl":{"start":{"line":11,"column":42},"end":{"line":11,"column":43}},"loc":{"start":{"line":11,"column":64},"end":{"line":11,"column":115}},"line":11}},"branchMap":{"0":{"loc":{"start":{"line":1,"column":303},"end":{"line":1,"column":349}},"type":"cond-expr","locations":[{"start":{"line":1,"column":327},"end":{"line":1,"column":330}},{"start":{"line":1,"column":333},"end":{"line":1,"column":349}}],"line":1},"1":{"loc":{"start":{"line":1,"column":303},"end":{"line":1,"column":324}},"type":"binary-expr","locations":[{"start":{"line":1,"column":303},"end":{"line":1,"column":306}},{"start":{"line":1,"column":310},"end":{"line":1,"column":324}}],"line":1}},"s":{"0":0,"1":0,"2":0,"3":0,"4":0,"5":0,"6":0,"7":0,"8":0,"9":0,"10":0,"11":0,"12":0,"13":0,"14":0},"f":{"0":0,"1":0,"2":0,"3":0,"4":0,"5":0},"b":{"0":[0,0],"1":[0,0]}}
,"/Users/ebenezer/CursoReact/leitura-udacity/frontend/src/app/api/apiPost.js": {"path":"/Users/ebenezer/CursoReact/leitura-udacity/frontend/src/app/api/apiPost.js","statementMap":{"0":{"start":{"line":1,"column":13},"end":{"line":1,"column":75}},"1":{"start":{"line":1,"column":75},"end":{"line":1,"column":178}},"2":{"start":{"line":1,"column":189},"end":{"line":1,"column":205}},"3":{"start":{"line":1,"column":218},"end":{"line":1,"column":246}},"4":{"start":{"line":1,"column":285},"end":{"line":1,"column":339}},"5":{"start":{"line":3,"column":21},"end":{"line":9,"column":1}},"6":{"start":{"line":4,"column":12},"end":{"line":6,"column":52}},"7":{"start":{"line":8,"column":2},"end":{"line":8,"column":32}},"8":{"start":{"line":11,"column":12},"end":{"line":11,"column":68}},"9":{"start":{"line":11,"column":34},"end":{"line":11,"column":68}},"10":{"start":{"line":13,"column":15},"end":{"line":13,"column":84}},"11":{"start":{"line":13,"column":40},"end":{"line":13,"column":84}},"12":{"start":{"line":15,"column":15},"end":{"line":15,"column":82}},"13":{"start":{"line":15,"column":42},"end":{"line":15,"column":82}},"14":{"start":{"line":17,"column":20},"end":{"line":17,"column":106}},"15":{"start":{"line":17,"column":61},"end":{"line":17,"column":106}}},"fnMap":{"0":{"name":"_interopRequireDefault","decl":{"start":{"line":1,"column":256},"end":{"line":1,"column":278}},"loc":{"start":{"line":1,"column":284},"end":{"line":1,"column":340}},"line":1},"1":{"name":"(anonymous_1)","decl":{"start":{"line":3,"column":44},"end":{"line":3,"column":45}},"loc":{"start":{"line":3,"column":66},"end":{"line":9,"column":1}},"line":3},"2":{"name":"(anonymous_2)","decl":{"start":{"line":11,"column":26},"end":{"line":11,"column":27}},"loc":{"start":{"line":11,"column":34},"end":{"line":11,"column":68}},"line":11},"3":{"name":"(anonymous_3)","decl":{"start":{"line":13,"column":32},"end":{"line":13,"column":33}},"loc":{"start":{"line":13,"column":40},"end":{"line":13,"column":84}},"line":13},"4":{"name":"(anonymous_4)","decl":{"start":{"line":15,"column":32},"end":{"line":15,"column":33}},"loc":{"start":{"line":15,"column":42},"end":{"line":15,"column":82}},"line":15},"5":{"name":"(anonymous_5)","decl":{"start":{"line":17,"column":42},"end":{"line":17,"column":43}},"loc":{"start":{"line":17,"column":61},"end":{"line":17,"column":106}},"line":17}},"branchMap":{"0":{"loc":{"start":{"line":1,"column":292},"end":{"line":1,"column":338}},"type":"cond-expr","locations":[{"start":{"line":1,"column":316},"end":{"line":1,"column":319}},{"start":{"line":1,"column":322},"end":{"line":1,"column":338}}],"line":1},"1":{"loc":{"start":{"line":1,"column":292},"end":{"line":1,"column":313}},"type":"binary-expr","locations":[{"start":{"line":1,"column":292},"end":{"line":1,"column":295}},{"start":{"line":1,"column":299},"end":{"line":1,"column":313}}],"line":1},"2":{"loc":{"start":{"line":4,"column":12},"end":{"line":6,"column":52}},"type":"cond-expr","locations":[{"start":{"line":5,"column":2},"end":{"line":5,"column":10}},{"start":{"line":6,"column":2},"end":{"line":6,"column":52}}],"line":4},"3":{"loc":{"start":{"line":6,"column":2},"end":{"line":6,"column":52}},"type":"cond-expr","locations":[{"start":{"line":6,"column":11},"end":{"line":6,"column":29}},{"start":{"line":6,"column":32},"end":{"line":6,"column":52}}],"line":6}},"s":{"0":0,"1":0,"2":0,"3":0,"4":0,"5":0,"6":0,"7":0,"8":0,"9":0,"10":0,"11":0,"12":0,"13":0,"14":0,"15":0},"f":{"0":0,"1":0,"2":0,"3":0,"4":0,"5":0},"b":{"0":[0,0],"1":[0,0],"2":[0,0],"3":[0,0]}}
,"/Users/ebenezer/CursoReact/leitura-udacity/frontend/src/app/components/CommentPost/index.js": {"path":"/Users/ebenezer/CursoReact/leitura-udacity/frontend/src/app/components/CommentPost/index.js","statementMap":{"0":{"start":{"line":1,"column":13},"end":{"line":1,"column":75}},"1":{"start":{"line":1,"column":94},"end":{"line":1,"column":187}},"2":{"start":{"line":9,"column":35},"end":{"line":9,"column":51}},"3":{"start":{"line":9,"column":66},"end":{"line":9,"column":96}},"4":{"start":{"line":9,"column":117},"end":{"line":9,"column":141}},"5":{"start":{"line":9,"column":163},"end":{"line":9,"column":200}},"6":{"start":{"line":9,"column":224},"end":{"line":9,"column":252}},"7":{"start":{"line":9,"column":265},"end":{"line":9,"column":280}},"8":{"start":{"line":9,"column":299},"end":{"line":9,"column":321}},"9":{"start":{"line":10,"column":15},"end":{"line":10,"column":53}},"10":{"start":{"line":10,"column":70},"end":{"line":10,"column":102}},"11":{"start":{"line":10,"column":141},"end":{"line":10,"column":195}},"12":{"start":{"line":13,"column":22},"end":{"line":15,"column":16}},"13":{"start":{"line":18,"column":76},"end":{"line":49,"column":59}},"14":{"start":{"line":24,"column":22},"end":{"line":27,"column":35}},"15":{"start":{"line":30,"column":6},"end":{"line":30,"column":62}},"16":{"start":{"line":35,"column":6},"end":{"line":40,"column":74}},"17":{"start":{"line":40,"column":21},"end":{"line":40,"column":69}},"18":{"start":{"line":45,"column":24},"end":{"line":45,"column":95}},"19":{"start":{"line":47,"column":27},"end":{"line":47,"column":86}},"20":{"start":{"line":49,"column":23},"end":{"line":49,"column":51}},"21":{"start":{"line":53,"column":4},"end":{"line":53,"column":22}},"22":{"start":{"line":53,"column":38},"end":{"line":53,"column":59}},"23":{"start":{"line":53,"column":72},"end":{"line":53,"column":96}},"24":{"start":{"line":53,"column":104},"end":{"line":53,"column":123}},"25":{"start":{"line":53,"column":136},"end":{"line":53,"column":160}},"26":{"start":{"line":55,"column":4},"end":{"line":108,"column":197}},"27":{"start":{"line":69,"column":97},"end":{"line":69,"column":124}},"28":{"start":{"line":73,"column":97},"end":{"line":73,"column":126}},"29":{"start":{"line":91,"column":44},"end":{"line":91,"column":78}},"30":{"start":{"line":122,"column":27},"end":{"line":126,"column":119}},"31":{"start":{"line":122,"column":40},"end":{"line":126,"column":118}},"32":{"start":{"line":124,"column":45},"end":{"line":124,"column":110}},"33":{"start":{"line":125,"column":30},"end":{"line":125,"column":82}},"34":{"start":{"line":126,"column":48},"end":{"line":126,"column":116}},"35":{"start":{"line":129,"column":33},"end":{"line":130,"column":64}}},"fnMap":{"0":{"name":"_interopRequireDefault","decl":{"start":{"line":10,"column":112},"end":{"line":10,"column":134}},"loc":{"start":{"line":10,"column":140},"end":{"line":10,"column":196}},"line":10},"1":{"name":"(anonymous_1)","decl":{"start":{"line":18,"column":44},"end":{"line":18,"column":45}},"loc":{"start":{"line":18,"column":65},"end":{"line":49,"column":60}},"line":18},"2":{"name":"(anonymous_2)","decl":{"start":{"line":23,"column":20},"end":{"line":23,"column":21}},"loc":{"start":{"line":23,"column":26},"end":{"line":31,"column":5}},"line":23},"3":{"name":"(anonymous_3)","decl":{"start":{"line":34,"column":20},"end":{"line":34,"column":21}},"loc":{"start":{"line":34,"column":26},"end":{"line":42,"column":5}},"line":34},"4":{"name":"(anonymous_4)","decl":{"start":{"line":40,"column":14},"end":{"line":40,"column":15}},"loc":{"start":{"line":40,"column":20},"end":{"line":40,"column":70}},"line":40},"5":{"name":"(anonymous_5)","decl":{"start":{"line":45,"column":18},"end":{"line":45,"column":19}},"loc":{"start":{"line":45,"column":24},"end":{"line":45,"column":95}},"line":45},"6":{"name":"(anonymous_6)","decl":{"start":{"line":47,"column":18},"end":{"line":47,"column":19}},"loc":{"start":{"line":47,"column":27},"end":{"line":47,"column":86}},"line":47},"7":{"name":"(anonymous_7)","decl":{"start":{"line":49,"column":17},"end":{"line":49,"column":18}},"loc":{"start":{"line":49,"column":23},"end":{"line":49,"column":51}},"line":49},"8":{"name":"(anonymous_8)","decl":{"start":{"line":51,"column":2},"end":{"line":51,"column":3}},"loc":{"start":{"line":51,"column":11},"end":{"line":118,"column":3}},"line":51},"9":{"name":"(anonymous_9)","decl":{"start":{"line":69,"column":90},"end":{"line":69,"column":91}},"loc":{"start":{"line":69,"column":96},"end":{"line":69,"column":125}},"line":69},"10":{"name":"(anonymous_10)","decl":{"start":{"line":73,"column":90},"end":{"line":73,"column":91}},"loc":{"start":{"line":73,"column":96},"end":{"line":73,"column":127}},"line":73},"11":{"name":"(anonymous_11)","decl":{"start":{"line":91,"column":26},"end":{"line":91,"column":27}},"loc":{"start":{"line":91,"column":44},"end":{"line":91,"column":78}},"line":91},"12":{"name":"(anonymous_12)","decl":{"start":{"line":122,"column":27},"end":{"line":122,"column":28}},"loc":{"start":{"line":122,"column":40},"end":{"line":126,"column":118}},"line":122},"13":{"name":"(anonymous_13)","decl":{"start":{"line":124,"column":15},"end":{"line":124,"column":16}},"loc":{"start":{"line":124,"column":45},"end":{"line":124,"column":110}},"line":124},"14":{"name":"(anonymous_14)","decl":{"start":{"line":125,"column":17},"end":{"line":125,"column":18}},"loc":{"start":{"line":125,"column":30},"end":{"line":125,"column":82}},"line":125},"15":{"name":"(anonymous_15)","decl":{"start":{"line":126,"column":22},"end":{"line":126,"column":23}},"loc":{"start":{"line":126,"column":48},"end":{"line":126,"column":116}},"line":126}},"branchMap":{"0":{"loc":{"start":{"line":10,"column":148},"end":{"line":10,"column":194}},"type":"cond-expr","locations":[{"start":{"line":10,"column":172},"end":{"line":10,"column":175}},{"start":{"line":10,"column":178},"end":{"line":10,"column":194}}],"line":10},"1":{"loc":{"start":{"line":10,"column":148},"end":{"line":10,"column":169}},"type":"binary-expr","locations":[{"start":{"line":10,"column":148},"end":{"line":10,"column":151}},{"start":{"line":10,"column":155},"end":{"line":10,"column":169}}],"line":10},"2":{"loc":{"start":{"line":62,"column":80},"end":{"line":62,"column":103}},"type":"binary-expr","locations":[{"start":{"line":62,"column":80},"end":{"line":62,"column":89}},{"start":{"line":62,"column":93},"end":{"line":62,"column":103}}],"line":62},"3":{"loc":{"start":{"line":79,"column":12},"end":{"line":108,"column":192}},"type":"cond-expr","locations":[{"start":{"line":80,"column":12},"end":{"line":96,"column":188}},{"start":{"line":102,"column":12},"end":{"line":108,"column":192}}],"line":79}},"s":{"0":0,"1":0,"2":0,"3":0,"4":0,"5":0,"6":0,"7":0,"8":0,"9":0,"10":0,"11":0,"12":0,"13":0,"14":0,"15":0,"16":0,"17":0,"18":0,"19":0,"20":0,"21":0,"22":0,"23":0,"24":0,"25":0,"26":0,"27":0,"28":0,"29":0,"30":0,"31":0,"32":0,"33":0,"34":0,"35":0},"f":{"0":0,"1":0,"2":0,"3":0,"4":0,"5":0,"6":0,"7":0,"8":0,"9":0,"10":0,"11":0,"12":0,"13":0,"14":0,"15":0},"b":{"0":[0,0],"1":[0,0],"2":[0,0],"3":[0,0]}}
,"/Users/ebenezer/CursoReact/leitura-udacity/frontend/src/app/components/Footer/index.js": {"path":"/Users/ebenezer/CursoReact/leitura-udacity/frontend/src/app/components/Footer/index.js","statementMap":{"0":{"start":{"line":5,"column":15},"end":{"line":51,"column":1}},"1":{"start":{"line":6,"column":2},"end":{"line":50,"column":12}}},"fnMap":{"0":{"name":"(anonymous_0)","decl":{"start":{"line":5,"column":15},"end":{"line":5,"column":16}},"loc":{"start":{"line":6,"column":2},"end":{"line":50,"column":12}},"line":6}},"branchMap":{},"s":{"0":1,"1":0},"f":{"0":0},"b":{},"_coverageSchema":"332fd63041d2c1bcb487cc26dd0d5f7d97098a6c","hash":"0fd30213a2f85232fc68e2cce59c837b665dd649"}
,"/Users/ebenezer/CursoReact/leitura-udacity/frontend/src/app/components/FormPost/index.js": {"path":"/Users/ebenezer/CursoReact/leitura-udacity/frontend/src/app/components/FormPost/index.js","statementMap":{"0":{"start":{"line":1,"column":13},"end":{"line":1,"column":75}},"1":{"start":{"line":1,"column":94},"end":{"line":1,"column":184}},"2":{"start":{"line":11,"column":35},"end":{"line":11,"column":51}},"3":{"start":{"line":11,"column":66},"end":{"line":11,"column":96}},"4":{"start":{"line":11,"column":111},"end":{"line":11,"column":128}},"5":{"start":{"line":11,"column":144},"end":{"line":11,"column":175}},"6":{"start":{"line":11,"column":188},"end":{"line":11,"column":203}},"7":{"start":{"line":11,"column":219},"end":{"line":11,"column":250}},"8":{"start":{"line":11,"column":274},"end":{"line":11,"column":302}},"9":{"start":{"line":11,"column":315},"end":{"line":11,"column":330}},"10":{"start":{"line":11,"column":349},"end":{"line":11,"column":371}},"11":{"start":{"line":12,"column":13},"end":{"line":12,"column":49}},"12":{"start":{"line":12,"column":64},"end":{"line":12,"column":94}},"13":{"start":{"line":12,"column":133},"end":{"line":12,"column":187}},"14":{"start":{"line":14,"column":22},"end":{"line":21,"column":24}},"15":{"start":{"line":24,"column":73},"end":{"line":89,"column":13}},"16":{"start":{"line":28,"column":43},"end":{"line":28,"column":75}},"17":{"start":{"line":50,"column":6},"end":{"line":53,"column":7}},"18":{"start":{"line":51,"column":8},"end":{"line":51,"column":47}},"19":{"start":{"line":52,"column":8},"end":{"line":52,"column":15}},"20":{"start":{"line":55,"column":6},"end":{"line":60,"column":7}},"21":{"start":{"line":56,"column":8},"end":{"line":56,"column":23}},"22":{"start":{"line":59,"column":8},"end":{"line":59,"column":24}},"23":{"start":{"line":64,"column":19},"end":{"line":70,"column":43}},"24":{"start":{"line":73,"column":6},"end":{"line":73,"column":38}},"25":{"start":{"line":77,"column":23},"end":{"line":80,"column":31}},"26":{"start":{"line":83,"column":6},"end":{"line":83,"column":43}},"27":{"start":{"line":87,"column":6},"end":{"line":87,"column":35}},"28":{"start":{"line":88,"column":6},"end":{"line":88,"column":35}},"29":{"start":{"line":89,"column":52},"end":{"line":89,"column":484}},"30":{"start":{"line":89,"column":135},"end":{"line":89,"column":163}},"31":{"start":{"line":89,"column":178},"end":{"line":89,"column":205}},"32":{"start":{"line":89,"column":215},"end":{"line":89,"column":243}},"33":{"start":{"line":89,"column":255},"end":{"line":89,"column":285}},"34":{"start":{"line":89,"column":293},"end":{"line":89,"column":319}},"35":{"start":{"line":89,"column":325},"end":{"line":89,"column":349}},"36":{"start":{"line":89,"column":350},"end":{"line":89,"column":446}},"37":{"start":{"line":89,"column":454},"end":{"line":89,"column":483}},"38":{"start":{"line":95,"column":17},"end":{"line":95,"column":52}},"39":{"start":{"line":96,"column":16},"end":{"line":96,"column":46}},"40":{"start":{"line":98,"column":4},"end":{"line":98,"column":14}},"41":{"start":{"line":98,"column":26},"end":{"line":98,"column":35}},"42":{"start":{"line":98,"column":44},"end":{"line":98,"column":56}},"43":{"start":{"line":98,"column":66},"end":{"line":98,"column":79}},"44":{"start":{"line":98,"column":91},"end":{"line":98,"column":106}},"45":{"start":{"line":98,"column":114},"end":{"line":98,"column":125}},"46":{"start":{"line":100,"column":4},"end":{"line":126,"column":199}},"47":{"start":{"line":134,"column":24},"end":{"line":136,"column":34}},"48":{"start":{"line":134,"column":34},"end":{"line":136,"column":33}},"49":{"start":{"line":139,"column":27},"end":{"line":141,"column":79}},"50":{"start":{"line":139,"column":40},"end":{"line":141,"column":78}},"51":{"start":{"line":140,"column":27},"end":{"line":140,"column":74}},"52":{"start":{"line":141,"column":29},"end":{"line":141,"column":76}},"53":{"start":{"line":141,"column":80},"end":{"line":144,"column":72}}},"fnMap":{"0":{"name":"_interopRequireDefault","decl":{"start":{"line":12,"column":104},"end":{"line":12,"column":126}},"loc":{"start":{"line":12,"column":132},"end":{"line":12,"column":188}},"line":12},"1":{"name":"(anonymous_1)","decl":{"start":{"line":24,"column":41},"end":{"line":24,"column":42}},"loc":{"start":{"line":24,"column":62},"end":{"line":89,"column":14}},"line":24},"2":{"name":"(anonymous_2)","decl":{"start":{"line":28,"column":19},"end":{"line":28,"column":20}},"loc":{"start":{"line":28,"column":43},"end":{"line":28,"column":75}},"line":28},"3":{"name":"(anonymous_3)","decl":{"start":{"line":48,"column":15},"end":{"line":48,"column":16}},"loc":{"start":{"line":48,"column":21},"end":{"line":61,"column":5}},"line":48},"4":{"name":"(anonymous_4)","decl":{"start":{"line":63,"column":14},"end":{"line":63,"column":15}},"loc":{"start":{"line":63,"column":20},"end":{"line":74,"column":5}},"line":63},"5":{"name":"(anonymous_5)","decl":{"start":{"line":76,"column":15},"end":{"line":76,"column":16}},"loc":{"start":{"line":76,"column":21},"end":{"line":84,"column":5}},"line":76},"6":{"name":"(anonymous_6)","decl":{"start":{"line":86,"column":15},"end":{"line":86,"column":16}},"loc":{"start":{"line":86,"column":21},"end":{"line":89,"column":5}},"line":86},"7":{"name":"(anonymous_7)","decl":{"start":{"line":89,"column":14},"end":{"line":89,"column":15}},"loc":{"start":{"line":89,"column":51},"end":{"line":89,"column":485}},"line":89},"8":{"name":"(anonymous_8)","decl":{"start":{"line":93,"column":2},"end":{"line":93,"column":3}},"loc":{"start":{"line":93,"column":11},"end":{"line":131,"column":3}},"line":93},"9":{"name":"(anonymous_9)","decl":{"start":{"line":134,"column":24},"end":{"line":134,"column":25}},"loc":{"start":{"line":134,"column":34},"end":{"line":136,"column":33}},"line":134},"10":{"name":"(anonymous_10)","decl":{"start":{"line":139,"column":27},"end":{"line":139,"column":28}},"loc":{"start":{"line":139,"column":40},"end":{"line":141,"column":78}},"line":139},"11":{"name":"(anonymous_11)","decl":{"start":{"line":140,"column":15},"end":{"line":140,"column":16}},"loc":{"start":{"line":140,"column":27},"end":{"line":140,"column":74}},"line":140},"12":{"name":"(anonymous_12)","decl":{"start":{"line":141,"column":12},"end":{"line":141,"column":13}},"loc":{"start":{"line":141,"column":29},"end":{"line":141,"column":76}},"line":141}},"branchMap":{"0":{"loc":{"start":{"line":12,"column":140},"end":{"line":12,"column":186}},"type":"cond-expr","locations":[{"start":{"line":12,"column":164},"end":{"line":12,"column":167}},{"start":{"line":12,"column":170},"end":{"line":12,"column":186}}],"line":12},"1":{"loc":{"start":{"line":12,"column":140},"end":{"line":12,"column":161}},"type":"binary-expr","locations":[{"start":{"line":12,"column":140},"end":{"line":12,"column":143}},{"start":{"line":12,"column":147},"end":{"line":12,"column":161}}],"line":12},"2":{"loc":{"start":{"line":50,"column":6},"end":{"line":53,"column":7}},"type":"if","locations":[{"start":{"line":50,"column":6},"end":{"line":53,"column":7}},{"start":{"line":50,"column":6},"end":{"line":53,"column":7}}],"line":50},"3":{"loc":{"start":{"line":55,"column":6},"end":{"line":60,"column":7}},"type":"if","locations":[{"start":{"line":55,"column":6},"end":{"line":60,"column":7}},{"start":{"line":55,"column":6},"end":{"line":60,"column":7}}],"line":55},"4":{"loc":{"start":{"line":89,"column":52},"end":{"line":89,"column":484}},"type":"if","locations":[{"start":{"line":89,"column":52},"end":{"line":89,"column":484}},{"start":{"line":89,"column":52},"end":{"line":89,"column":484}}],"line":89},"5":{"loc":{"start":{"line":89,"column":413},"end":{"line":89,"column":442}},"type":"cond-expr","locations":[{"start":{"line":89,"column":418},"end":{"line":89,"column":429}},{"start":{"line":89,"column":432},"end":{"line":89,"column":442}}],"line":89},"6":{"loc":{"start":{"line":109,"column":97},"end":{"line":109,"column":114}},"type":"cond-expr","locations":[{"start":{"line":109,"column":102},"end":{"line":109,"column":106}},{"start":{"line":109,"column":109},"end":{"line":109,"column":114}}],"line":109},"7":{"loc":{"start":{"line":114,"column":22},"end":{"line":114,"column":39}},"type":"cond-expr","locations":[{"start":{"line":114,"column":27},"end":{"line":114,"column":31}},{"start":{"line":114,"column":34},"end":{"line":114,"column":39}}],"line":114}},"s":{"0":0,"1":0,"2":0,"3":0,"4":0,"5":0,"6":0,"7":0,"8":0,"9":0,"10":0,"11":0,"12":0,"13":0,"14":0,"15":0,"16":0,"17":0,"18":0,"19":0,"20":0,"21":0,"22":0,"23":0,"24":0,"25":0,"26":0,"27":0,"28":0,"29":0,"30":0,"31":0,"32":0,"33":0,"34":0,"35":0,"36":0,"37":0,"38":0,"39":0,"40":0,"41":0,"42":0,"43":0,"44":0,"45":0,"46":0,"47":0,"48":0,"49":0,"50":0,"51":0,"52":0,"53":0},"f":{"0":0,"1":0,"2":0,"3":0,"4":0,"5":0,"6":0,"7":0,"8":0,"9":0,"10":0,"11":0,"12":0},"b":{"0":[0,0],"1":[0,0],"2":[0,0],"3":[0,0],"4":[0,0],"5":[0,0],"6":[0,0],"7":[0,0]}}
,"/Users/ebenezer/CursoReact/leitura-udacity/frontend/src/app/components/Header/index.js": {"path":"/Users/ebenezer/CursoReact/leitura-udacity/frontend/src/app/components/Header/index.js","statementMap":{"0":{"start":{"line":5,"column":15},"end":{"line":24,"column":1}},"1":{"start":{"line":6,"column":2},"end":{"line":23,"column":9}}},"fnMap":{"0":{"name":"(anonymous_0)","decl":{"start":{"line":5,"column":15},"end":{"line":5,"column":16}},"loc":{"start":{"line":6,"column":2},"end":{"line":23,"column":9}},"line":6}},"branchMap":{},"s":{"0":2,"1":1},"f":{"0":1},"b":{},"_coverageSchema":"332fd63041d2c1bcb487cc26dd0d5f7d97098a6c","hash":"7fa70b1c7a94dce0c3e73c0d8bace49f401afedf"}
,"/Users/ebenezer/CursoReact/leitura-udacity/frontend/src/app/components/Post/index.js": {"path":"/Users/ebenezer/CursoReact/leitura-udacity/frontend/src/app/components/Post/index.js","statementMap":{"0":{"start":{"line":29,"column":22},"end":{"line":31,"column":1}},"1":{"start":{"line":38,"column":20},"end":{"line":44,"column":5}},"2":{"start":{"line":46,"column":4},"end":{"line":46,"column":78}},"3":{"start":{"line":46,"column":48},"end":{"line":46,"column":76}},"4":{"start":{"line":52,"column":4},"end":{"line":60,"column":7}},"5":{"start":{"line":58,"column":8},"end":{"line":58,"column":49}},"6":{"start":{"line":65,"column":24},"end":{"line":65,"column":34}},"7":{"start":{"line":66,"column":4},"end":{"line":66,"column":30}},"8":{"start":{"line":67,"column":4},"end":{"line":67,"column":21}},"9":{"start":{"line":80,"column":8},"end":{"line":80,"column":23}},"10":{"start":{"line":82,"column":21},"end":{"line":82,"column":60}},"11":{"start":{"line":84,"column":30},"end":{"line":84,"column":40}},"12":{"start":{"line":86,"column":4},"end":{"line":220,"column":6}},"13":{"start":{"line":117,"column":24},"end":{"line":117,"column":65}},"14":{"start":{"line":129,"column":24},"end":{"line":129,"column":67}},"15":{"start":{"line":152,"column":35},"end":{"line":152,"column":74}},"16":{"start":{"line":182,"column":29},"end":{"line":182,"column":67}},"17":{"start":{"line":191,"column":18},"end":{"line":191,"column":55}},"18":{"start":{"line":224,"column":24},"end":{"line":226,"column":2}},"19":{"start":{"line":224,"column":34},"end":{"line":226,"column":1}},"20":{"start":{"line":228,"column":27},"end":{"line":236,"column":2}},"21":{"start":{"line":228,"column":40},"end":{"line":236,"column":1}},"22":{"start":{"line":229,"column":27},"end":{"line":229,"column":70}},"23":{"start":{"line":230,"column":24},"end":{"line":230,"column":64}},"24":{"start":{"line":231,"column":38},"end":{"line":231,"column":90}},"25":{"start":{"line":234,"column":26},"end":{"line":234,"column":71}},"26":{"start":{"line":235,"column":45},"end":{"line":235,"column":107}}},"fnMap":{"0":{"name":"(anonymous_0)","decl":{"start":{"line":37,"column":18},"end":{"line":37,"column":19}},"loc":{"start":{"line":37,"column":24},"end":{"line":48,"column":3}},"line":37},"1":{"name":"(anonymous_1)","decl":{"start":{"line":46,"column":42},"end":{"line":46,"column":43}},"loc":{"start":{"line":46,"column":48},"end":{"line":46,"column":76}},"line":46},"2":{"name":"(anonymous_2)","decl":{"start":{"line":50,"column":15},"end":{"line":50,"column":16}},"loc":{"start":{"line":50,"column":21},"end":{"line":62,"column":3}},"line":50},"3":{"name":"(anonymous_3)","decl":{"start":{"line":57,"column":12},"end":{"line":57,"column":13}},"loc":{"start":{"line":57,"column":18},"end":{"line":59,"column":7}},"line":57},"4":{"name":"(anonymous_4)","decl":{"start":{"line":64,"column":11},"end":{"line":64,"column":12}},"loc":{"start":{"line":64,"column":17},"end":{"line":68,"column":3}},"line":64},"5":{"name":"(anonymous_5)","decl":{"start":{"line":70,"column":2},"end":{"line":70,"column":3}},"loc":{"start":{"line":70,"column":11},"end":{"line":221,"column":3}},"line":70},"6":{"name":"(anonymous_6)","decl":{"start":{"line":116,"column":31},"end":{"line":116,"column":32}},"loc":{"start":{"line":116,"column":37},"end":{"line":118,"column":23}},"line":116},"7":{"name":"(anonymous_7)","decl":{"start":{"line":128,"column":31},"end":{"line":128,"column":32}},"loc":{"start":{"line":128,"column":37},"end":{"line":130,"column":23}},"line":128},"8":{"name":"(anonymous_8)","decl":{"start":{"line":152,"column":29},"end":{"line":152,"column":30}},"loc":{"start":{"line":152,"column":35},"end":{"line":152,"column":74}},"line":152},"9":{"name":"(anonymous_9)","decl":{"start":{"line":182,"column":24},"end":{"line":182,"column":25}},"loc":{"start":{"line":182,"column":29},"end":{"line":182,"column":67}},"line":182},"10":{"name":"(anonymous_10)","decl":{"start":{"line":190,"column":26},"end":{"line":190,"column":27}},"loc":{"start":{"line":191,"column":18},"end":{"line":191,"column":55}},"line":191},"11":{"name":"(anonymous_11)","decl":{"start":{"line":224,"column":24},"end":{"line":224,"column":25}},"loc":{"start":{"line":224,"column":34},"end":{"line":226,"column":1}},"line":224},"12":{"name":"(anonymous_12)","decl":{"start":{"line":228,"column":27},"end":{"line":228,"column":28}},"loc":{"start":{"line":228,"column":40},"end":{"line":236,"column":1}},"line":228},"13":{"name":"(anonymous_13)","decl":{"start":{"line":229,"column":15},"end":{"line":229,"column":16}},"loc":{"start":{"line":229,"column":27},"end":{"line":229,"column":70}},"line":229},"14":{"name":"(anonymous_14)","decl":{"start":{"line":230,"column":14},"end":{"line":230,"column":15}},"loc":{"start":{"line":230,"column":24},"end":{"line":230,"column":64}},"line":230},"15":{"name":"(anonymous_15)","decl":{"start":{"line":231,"column":19},"end":{"line":231,"column":20}},"loc":{"start":{"line":231,"column":38},"end":{"line":231,"column":90}},"line":231},"16":{"name":"(anonymous_16)","decl":{"start":{"line":234,"column":16},"end":{"line":234,"column":17}},"loc":{"start":{"line":234,"column":26},"end":{"line":234,"column":71}},"line":234},"17":{"name":"(anonymous_17)","decl":{"start":{"line":235,"column":15},"end":{"line":235,"column":16}},"loc":{"start":{"line":235,"column":45},"end":{"line":235,"column":107}},"line":235}},"branchMap":{"0":{"loc":{"start":{"line":82,"column":21},"end":{"line":82,"column":60}},"type":"binary-expr","locations":[{"start":{"line":82,"column":21},"end":{"line":82,"column":54}},{"start":{"line":82,"column":58},"end":{"line":82,"column":60}}],"line":82},"1":{"loc":{"start":{"line":105,"column":37},"end":{"line":105,"column":60}},"type":"binary-expr","locations":[{"start":{"line":105,"column":37},"end":{"line":105,"column":46}},{"start":{"line":105,"column":50},"end":{"line":105,"column":60}}],"line":105},"2":{"loc":{"start":{"line":184,"column":11},"end":{"line":205,"column":11}},"type":"binary-expr","locations":[{"start":{"line":184,"column":11},"end":{"line":184,"column":24}},{"start":{"line":185,"column":12},"end":{"line":204,"column":19}}],"line":184},"3":{"loc":{"start":{"line":210,"column":9},"end":{"line":218,"column":11}},"type":"binary-expr","locations":[{"start":{"line":210,"column":9},"end":{"line":210,"column":22}},{"start":{"line":211,"column":12},"end":{"line":217,"column":14}}],"line":210}},"s":{"0":2,"1":1,"2":1,"3":0,"4":1,"5":1,"6":1,"7":1,"8":1,"9":14,"10":14,"11":14,"12":14,"13":1,"14":1,"15":1,"16":28,"17":0,"18":2,"19":9,"20":2,"21":9,"22":1,"23":1,"24":2,"25":1,"26":1},"f":{"0":1,"1":0,"2":1,"3":1,"4":1,"5":14,"6":1,"7":1,"8":1,"9":28,"10":0,"11":9,"12":9,"13":1,"14":1,"15":2,"16":1,"17":1},"b":{"0":[14,0],"1":[14,14],"2":[14,5],"3":[14,5]},"_coverageSchema":"332fd63041d2c1bcb487cc26dd0d5f7d97098a6c","hash":"ed35df16954d44e401959366926303caf76520f3"}
,"/Users/ebenezer/CursoReact/leitura-udacity/frontend/src/app/store/configureStore.js": {"path":"/Users/ebenezer/CursoReact/leitura-udacity/frontend/src/app/store/configureStore.js","statementMap":{"0":{"start":{"line":1,"column":13},"end":{"line":1,"column":75}},"1":{"start":{"line":1,"column":88},"end":{"line":1,"column":104}},"2":{"start":{"line":2,"column":17},"end":{"line":2,"column":38}},"3":{"start":{"line":2,"column":57},"end":{"line":2,"column":91}},"4":{"start":{"line":3,"column":19},"end":{"line":3,"column":42}},"5":{"start":{"line":3,"column":63},"end":{"line":3,"column":99}},"6":{"start":{"line":3,"column":138},"end":{"line":3,"column":192}},"7":{"start":{"line":3,"column":193},"end":{"line":24,"column":2}},"8":{"start":{"line":6,"column":23},"end":{"line":6,"column":46}},"9":{"start":{"line":7,"column":22},"end":{"line":7,"column":24}},"10":{"start":{"line":10,"column":27},"end":{"line":10,"column":53}},"11":{"start":{"line":11,"column":4},"end":{"line":11,"column":36}},"12":{"start":{"line":13,"column":29},"end":{"line":13,"column":90}},"13":{"start":{"line":15,"column":4},"end":{"line":15,"column":63}},"14":{"start":{"line":18,"column":18},"end":{"line":18,"column":86}},"15":{"start":{"line":21,"column":4},"end":{"line":21,"column":33}},"16":{"start":{"line":23,"column":4},"end":{"line":23,"column":17}}},"fnMap":{"0":{"name":"_interopRequireDefault","decl":{"start":{"line":3,"column":109},"end":{"line":3,"column":131}},"loc":{"start":{"line":3,"column":137},"end":{"line":3,"column":193}},"line":3},"1":{"name":"(anonymous_1)","decl":{"start":{"line":5,"column":0},"end":{"line":5,"column":1}},"loc":{"start":{"line":5,"column":27},"end":{"line":24,"column":1}},"line":5}},"branchMap":{"0":{"loc":{"start":{"line":3,"column":145},"end":{"line":3,"column":191}},"type":"cond-expr","locations":[{"start":{"line":3,"column":169},"end":{"line":3,"column":172}},{"start":{"line":3,"column":175},"end":{"line":3,"column":191}}],"line":3},"1":{"loc":{"start":{"line":3,"column":145},"end":{"line":3,"column":166}},"type":"binary-expr","locations":[{"start":{"line":3,"column":145},"end":{"line":3,"column":148}},{"start":{"line":3,"column":152},"end":{"line":3,"column":166}}],"line":3},"2":{"loc":{"start":{"line":13,"column":29},"end":{"line":13,"column":90}},"type":"binary-expr","locations":[{"start":{"line":13,"column":29},"end":{"line":13,"column":72}},{"start":{"line":13,"column":76},"end":{"line":13,"column":90}}],"line":13}},"s":{"0":0,"1":0,"2":0,"3":0,"4":0,"5":0,"6":0,"7":0,"8":0,"9":0,"10":0,"11":0,"12":0,"13":0,"14":0,"15":0,"16":0},"f":{"0":0,"1":0},"b":{"0":[0,0],"1":[0,0],"2":[0,0]}}
,"/Users/ebenezer/CursoReact/leitura-udacity/frontend/src/app/store/index.js": {"path":"/Users/ebenezer/CursoReact/leitura-udacity/frontend/src/app/store/index.js","statementMap":{"0":{"start":{"line":1,"column":13},"end":{"line":1,"column":75}},"1":{"start":{"line":1,"column":88},"end":{"line":1,"column":104}},"2":{"start":{"line":2,"column":22},"end":{"line":2,"column":49}},"3":{"start":{"line":2,"column":73},"end":{"line":2,"column":112}},"4":{"start":{"line":3,"column":13},"end":{"line":3,"column":31}},"5":{"start":{"line":3,"column":46},"end":{"line":3,"column":76}},"6":{"start":{"line":6,"column":13},"end":{"line":6,"column":37}},"7":{"start":{"line":7,"column":16},"end":{"line":7,"column":43}},"8":{"start":{"line":8,"column":15},"end":{"line":8,"column":41}},"9":{"start":{"line":8,"column":80},"end":{"line":8,"column":134}},"10":{"start":{"line":8,"column":135},"end":{"line":19,"column":2}},"11":{"start":{"line":12,"column":22},"end":{"line":15,"column":34}},"12":{"start":{"line":18,"column":2},"end":{"line":18,"column":69}}},"fnMap":{"0":{"name":"_interopRequireDefault","decl":{"start":{"line":8,"column":51},"end":{"line":8,"column":73}},"loc":{"start":{"line":8,"column":79},"end":{"line":8,"column":135}},"line":8},"1":{"name":"(anonymous_1)","decl":{"start":{"line":10,"column":0},"end":{"line":10,"column":1}},"loc":{"start":{"line":10,"column":6},"end":{"line":19,"column":1}},"line":10}},"branchMap":{"0":{"loc":{"start":{"line":8,"column":87},"end":{"line":8,"column":133}},"type":"cond-expr","locations":[{"start":{"line":8,"column":111},"end":{"line":8,"column":114}},{"start":{"line":8,"column":117},"end":{"line":8,"column":133}}],"line":8},"1":{"loc":{"start":{"line":8,"column":87},"end":{"line":8,"column":108}},"type":"binary-expr","locations":[{"start":{"line":8,"column":87},"end":{"line":8,"column":90}},{"start":{"line":8,"column":94},"end":{"line":8,"column":108}}],"line":8}},"s":{"0":0,"1":0,"2":0,"3":0,"4":0,"5":0,"6":0,"7":0,"8":0,"9":0,"10":0,"11":0,"12":0},"f":{"0":0,"1":0},"b":{"0":[0,0],"1":[0,0]}}
,"/Users/ebenezer/CursoReact/leitura-udacity/frontend/src/app/store/ducks/category.js": {"path":"/Users/ebenezer/CursoReact/leitura-udacity/frontend/src/app/store/ducks/category.js","statementMap":{"0":{"start":{"line":1,"column":13},"end":{"line":1,"column":75}},"1":{"start":{"line":1,"column":75},"end":{"line":1,"column":137}},"2":{"start":{"line":1,"column":155},"end":{"line":1,"column":176}},"3":{"start":{"line":5,"column":0},"end":{"line":7,"column":43}},"4":{"start":{"line":7,"column":58},"end":{"line":7,"column":78}},"5":{"start":{"line":7,"column":90},"end":{"line":7,"column":113}},"6":{"start":{"line":7,"column":114},"end":{"line":10,"column":14}},"7":{"start":{"line":10,"column":14},"end":{"line":11,"column":9}},"8":{"start":{"line":14,"column":22},"end":{"line":15,"column":18}},"9":{"start":{"line":20,"column":16},"end":{"line":21,"column":34}},"10":{"start":{"line":20,"column":54},"end":{"line":21,"column":33}},"11":{"start":{"line":24,"column":16},"end":{"line":26,"column":46}}},"fnMap":{"0":{"name":"(anonymous_0)","decl":{"start":{"line":20,"column":34},"end":{"line":20,"column":35}},"loc":{"start":{"line":20,"column":54},"end":{"line":21,"column":33}},"line":20}},"branchMap":{},"s":{"0":0,"1":0,"2":0,"3":0,"4":0,"5":0,"6":0,"7":0,"8":0,"9":0,"10":0,"11":0},"f":{"0":0},"b":{}}
,"/Users/ebenezer/CursoReact/leitura-udacity/frontend/src/app/store/ducks/comment.js": {"path":"/Users/ebenezer/CursoReact/leitura-udacity/frontend/src/app/store/ducks/comment.js","statementMap":{"0":{"start":{"line":5,"column":28},"end":{"line":23,"column":2}},"1":{"start":{"line":29,"column":22},"end":{"line":31,"column":1}},"2":{"start":{"line":35,"column":30},"end":{"line":37,"column":2}},"3":{"start":{"line":35,"column":50},"end":{"line":37,"column":1}},"4":{"start":{"line":40,"column":27},"end":{"line":48,"column":2}},"5":{"start":{"line":40,"column":47},"end":{"line":48,"column":1}},"6":{"start":{"line":51,"column":29},"end":{"line":53,"column":2}},"7":{"start":{"line":51,"column":49},"end":{"line":53,"column":1}},"8":{"start":{"line":55,"column":21},"end":{"line":55,"column":53}},"9":{"start":{"line":55,"column":40},"end":{"line":55,"column":53}},"10":{"start":{"line":58,"column":23},"end":{"line":71,"column":2}}},"fnMap":{"0":{"name":"(anonymous_0)","decl":{"start":{"line":35,"column":30},"end":{"line":35,"column":31}},"loc":{"start":{"line":35,"column":50},"end":{"line":37,"column":1}},"line":35},"1":{"name":"(anonymous_1)","decl":{"start":{"line":40,"column":27},"end":{"line":40,"column":28}},"loc":{"start":{"line":40,"column":47},"end":{"line":48,"column":1}},"line":40},"2":{"name":"(anonymous_2)","decl":{"start":{"line":51,"column":29},"end":{"line":51,"column":30}},"loc":{"start":{"line":51,"column":49},"end":{"line":53,"column":1}},"line":51},"3":{"name":"(anonymous_3)","decl":{"start":{"line":55,"column":21},"end":{"line":55,"column":22}},"loc":{"start":{"line":55,"column":40},"end":{"line":55,"column":53}},"line":55}},"branchMap":{},"s":{"0":2,"1":2,"2":2,"3":0,"4":2,"5":0,"6":2,"7":0,"8":2,"9":0,"10":2},"f":{"0":0,"1":0,"2":0,"3":0},"b":{},"_coverageSchema":"332fd63041d2c1bcb487cc26dd0d5f7d97098a6c","hash":"3aa4b913382689a362fa3a5611d0fd8d793ad420"}
,"/Users/ebenezer/CursoReact/leitura-udacity/frontend/src/app/store/ducks/posts.js": {"path":"/Users/ebenezer/CursoReact/leitura-udacity/frontend/src/app/store/ducks/posts.js","statementMap":{"0":{"start":{"line":5,"column":28},"end":{"line":26,"column":2}},"1":{"start":{"line":32,"column":22},"end":{"line":40,"column":1}},"2":{"start":{"line":44,"column":23},"end":{"line":47,"column":2}},"3":{"start":{"line":44,"column":33},"end":{"line":47,"column":1}},"4":{"start":{"line":49,"column":23},"end":{"line":55,"column":2}},"5":{"start":{"line":49,"column":43},"end":{"line":55,"column":1}},"6":{"start":{"line":57,"column":23},"end":{"line":62,"column":2}},"7":{"start":{"line":57,"column":33},"end":{"line":62,"column":1}},"8":{"start":{"line":65,"column":27},"end":{"line":70,"column":2}},"9":{"start":{"line":65,"column":47},"end":{"line":70,"column":1}},"10":{"start":{"line":73,"column":29},"end":{"line":76,"column":2}},"11":{"start":{"line":73,"column":49},"end":{"line":76,"column":1}},"12":{"start":{"line":78,"column":34},"end":{"line":87,"column":2}},"13":{"start":{"line":78,"column":54},"end":{"line":87,"column":1}},"14":{"start":{"line":91,"column":21},"end":{"line":94,"column":2}},"15":{"start":{"line":91,"column":41},"end":{"line":94,"column":1}},"16":{"start":{"line":96,"column":27},"end":{"line":100,"column":2}},"17":{"start":{"line":96,"column":47},"end":{"line":100,"column":1}},"18":{"start":{"line":102,"column":23},"end":{"line":118,"column":2}}},"fnMap":{"0":{"name":"(anonymous_0)","decl":{"start":{"line":44,"column":23},"end":{"line":44,"column":24}},"loc":{"start":{"line":44,"column":33},"end":{"line":47,"column":1}},"line":44},"1":{"name":"(anonymous_1)","decl":{"start":{"line":49,"column":23},"end":{"line":49,"column":24}},"loc":{"start":{"line":49,"column":43},"end":{"line":55,"column":1}},"line":49},"2":{"name":"(anonymous_2)","decl":{"start":{"line":57,"column":23},"end":{"line":57,"column":24}},"loc":{"start":{"line":57,"column":33},"end":{"line":62,"column":1}},"line":57},"3":{"name":"(anonymous_3)","decl":{"start":{"line":65,"column":27},"end":{"line":65,"column":28}},"loc":{"start":{"line":65,"column":47},"end":{"line":70,"column":1}},"line":65},"4":{"name":"(anonymous_4)","decl":{"start":{"line":73,"column":29},"end":{"line":73,"column":30}},"loc":{"start":{"line":73,"column":49},"end":{"line":76,"column":1}},"line":73},"5":{"name":"(anonymous_5)","decl":{"start":{"line":78,"column":34},"end":{"line":78,"column":35}},"loc":{"start":{"line":78,"column":54},"end":{"line":87,"column":1}},"line":78},"6":{"name":"(anonymous_6)","decl":{"start":{"line":91,"column":21},"end":{"line":91,"column":22}},"loc":{"start":{"line":91,"column":41},"end":{"line":94,"column":1}},"line":91},"7":{"name":"(anonymous_7)","decl":{"start":{"line":96,"column":27},"end":{"line":96,"column":28}},"loc":{"start":{"line":96,"column":47},"end":{"line":100,"column":1}},"line":96}},"branchMap":{},"s":{"0":2,"1":2,"2":2,"3":0,"4":2,"5":0,"6":2,"7":0,"8":2,"9":0,"10":2,"11":0,"12":2,"13":0,"14":2,"15":0,"16":2,"17":0,"18":2},"f":{"0":0,"1":0,"2":0,"3":0,"4":0,"5":0,"6":0,"7":0},"b":{},"_coverageSchema":"332fd63041d2c1bcb487cc26dd0d5f7d97098a6c","hash":"a22db2cfd87dbe9ecf723d9ecabb33f97648aa3c"}
,"/Users/ebenezer/CursoReact/leitura-udacity/frontend/src/app/store/sagas/category.js": {"path":"/Users/ebenezer/CursoReact/leitura-udacity/frontend/src/app/store/sagas/category.js","statementMap":{"0":{"start":{"line":1,"column":13},"end":{"line":1,"column":75}},"1":{"start":{"line":1,"column":75},"end":{"line":6,"column":34}},"2":{"start":{"line":6,"column":53},"end":{"line":6,"column":87}},"3":{"start":{"line":6,"column":103},"end":{"line":6,"column":132}},"4":{"start":{"line":6,"column":149},"end":{"line":6,"column":179}},"5":{"start":{"line":6,"column":197},"end":{"line":6,"column":230}},"6":{"start":{"line":6,"column":269},"end":{"line":6,"column":323}},"7":{"start":{"line":8,"column":19},"end":{"line":8,"column":74}},"8":{"start":{"line":10,"column":2},"end":{"line":17,"column":3}},"9":{"start":{"line":12,"column":21},"end":{"line":13,"column":73}},"10":{"start":{"line":13,"column":39},"end":{"line":13,"column":70}},"11":{"start":{"line":16,"column":4},"end":{"line":16,"column":83}}},"fnMap":{"0":{"name":"_interopRequireDefault","decl":{"start":{"line":6,"column":240},"end":{"line":6,"column":262}},"loc":{"start":{"line":6,"column":268},"end":{"line":6,"column":324}},"line":6},"1":{"name":"categoryRequest","decl":{"start":{"line":6,"column":334},"end":{"line":6,"column":349}},"loc":{"start":{"line":6,"column":352},"end":{"line":18,"column":1}},"line":6},"2":{"name":"(anonymous_2)","decl":{"start":{"line":13,"column":33},"end":{"line":13,"column":34}},"loc":{"start":{"line":13,"column":39},"end":{"line":13,"column":70}},"line":13}},"branchMap":{"0":{"loc":{"start":{"line":6,"column":276},"end":{"line":6,"column":322}},"type":"cond-expr","locations":[{"start":{"line":6,"column":300},"end":{"line":6,"column":303}},{"start":{"line":6,"column":306},"end":{"line":6,"column":322}}],"line":6},"1":{"loc":{"start":{"line":6,"column":276},"end":{"line":6,"column":297}},"type":"binary-expr","locations":[{"start":{"line":6,"column":276},"end":{"line":6,"column":279}},{"start":{"line":6,"column":283},"end":{"line":6,"column":297}}],"line":6},"2":{"loc":{"start":{"line":10,"column":2},"end":{"line":17,"column":3}},"type":"if","locations":[{"start":{"line":10,"column":2},"end":{"line":17,"column":3}},{"start":{"line":10,"column":2},"end":{"line":17,"column":3}}],"line":10}},"s":{"0":0,"1":0,"2":0,"3":0,"4":0,"5":0,"6":0,"7":0,"8":0,"9":0,"10":0,"11":0},"f":{"0":0,"1":0,"2":0},"b":{"0":[0,0],"1":[0,0],"2":[0,0]}}
,"/Users/ebenezer/CursoReact/leitura-udacity/frontend/src/app/store/sagas/comment.js": {"path":"/Users/ebenezer/CursoReact/leitura-udacity/frontend/src/app/store/sagas/comment.js","statementMap":{"0":{"start":{"line":1,"column":13},"end":{"line":1,"column":75}},"1":{"start":{"line":1,"column":75},"end":{"line":12,"column":32}},"2":{"start":{"line":12,"column":32},"end":{"line":40,"column":26}},"3":{"start":{"line":40,"column":26},"end":{"line":54,"column":30}},"4":{"start":{"line":54,"column":30},"end":{"line":68,"column":40}},"5":{"start":{"line":68,"column":58},"end":{"line":68,"column":91}},"6":{"start":{"line":68,"column":107},"end":{"line":68,"column":136}},"7":{"start":{"line":68,"column":152},"end":{"line":68,"column":181}},"8":{"start":{"line":68,"column":198},"end":{"line":68,"column":230}},"9":{"start":{"line":68,"column":244},"end":{"line":68,"column":271}},"10":{"start":{"line":68,"column":287},"end":{"line":68,"column":318}},"11":{"start":{"line":68,"column":357},"end":{"line":68,"column":411}},"12":{"start":{"line":68,"column":446},"end":{"line":71,"column":80}},"13":{"start":{"line":68,"column":460},"end":{"line":68,"column":520}},"14":{"start":{"line":68,"column":534},"end":{"line":68,"column":587}},"15":{"start":{"line":68,"column":570},"end":{"line":68,"column":586}},"16":{"start":{"line":68,"column":605},"end":{"line":68,"column":607}},"17":{"start":{"line":68,"column":608},"end":{"line":70,"column":44}},"18":{"start":{"line":68,"column":654},"end":{"line":68,"column":723}},"19":{"start":{"line":68,"column":724},"end":{"line":70,"column":43}},"20":{"start":{"line":69,"column":31},"end":{"line":69,"column":73}},"21":{"start":{"line":70,"column":8},"end":{"line":70,"column":42}},"22":{"start":{"line":71,"column":4},"end":{"line":71,"column":79}},"23":{"start":{"line":72,"column":15},"end":{"line":72,"column":66}},"24":{"start":{"line":73,"column":19},"end":{"line":73,"column":65}},"25":{"start":{"line":73,"column":66},"end":{"line":75,"column":44}},"26":{"start":{"line":74,"column":4},"end":{"line":74,"column":81}},"27":{"start":{"line":75,"column":4},"end":{"line":75,"column":43}},"28":{"start":{"line":75,"column":25},"end":{"line":75,"column":43}},"29":{"start":{"line":76,"column":19},"end":{"line":76,"column":81}},"30":{"start":{"line":76,"column":82},"end":{"line":79,"column":79}},"31":{"start":{"line":77,"column":21},"end":{"line":77,"column":91}},"32":{"start":{"line":77,"column":53},"end":{"line":77,"column":90}},"33":{"start":{"line":78,"column":4},"end":{"line":78,"column":62}},"34":{"start":{"line":79,"column":4},"end":{"line":79,"column":78}},"35":{"start":{"line":80,"column":19},"end":{"line":80,"column":116}},"36":{"start":{"line":80,"column":117},"end":{"line":81,"column":82}},"37":{"start":{"line":81,"column":4},"end":{"line":81,"column":81}}},"fnMap":{"0":{"name":"_interopRequireDefault","decl":{"start":{"line":68,"column":328},"end":{"line":68,"column":350}},"loc":{"start":{"line":68,"column":356},"end":{"line":68,"column":412}},"line":68},"1":{"name":"commentRequest","decl":{"start":{"line":68,"column":422},"end":{"line":68,"column":436}},"loc":{"start":{"line":68,"column":445},"end":{"line":71,"column":81}},"line":68},"2":{"name":"(anonymous_2)","decl":{"start":{"line":68,"column":561},"end":{"line":68,"column":562}},"loc":{"start":{"line":68,"column":570},"end":{"line":68,"column":586}},"line":68},"3":{"name":"commentSave","decl":{"start":{"line":71,"column":134},"end":{"line":71,"column":145}},"loc":{"start":{"line":71,"column":154},"end":{"line":75,"column":45}},"line":71},"4":{"name":"commentRemove","decl":{"start":{"line":75,"column":55},"end":{"line":75,"column":68}},"loc":{"start":{"line":75,"column":77},"end":{"line":79,"column":80}},"line":75},"5":{"name":"(anonymous_5)","decl":{"start":{"line":77,"column":48},"end":{"line":77,"column":49}},"loc":{"start":{"line":77,"column":53},"end":{"line":77,"column":90}},"line":77},"6":{"name":"commentLikeNotLike","decl":{"start":{"line":79,"column":90},"end":{"line":79,"column":108}},"loc":{"start":{"line":79,"column":117},"end":{"line":81,"column":83}},"line":79}},"branchMap":{"0":{"loc":{"start":{"line":68,"column":364},"end":{"line":68,"column":410}},"type":"cond-expr","locations":[{"start":{"line":68,"column":388},"end":{"line":68,"column":391}},{"start":{"line":68,"column":394},"end":{"line":68,"column":410}}],"line":68},"1":{"loc":{"start":{"line":68,"column":364},"end":{"line":68,"column":385}},"type":"binary-expr","locations":[{"start":{"line":68,"column":364},"end":{"line":68,"column":367}},{"start":{"line":68,"column":371},"end":{"line":68,"column":385}}],"line":68},"2":{"loc":{"start":{"line":68,"column":724},"end":{"line":70,"column":43}},"type":"if","locations":[{"start":{"line":68,"column":724},"end":{"line":70,"column":43}},{"start":{"line":68,"column":724},"end":{"line":70,"column":43}}],"line":68},"3":{"loc":{"start":{"line":72,"column":15},"end":{"line":72,"column":66}},"type":"cond-expr","locations":[{"start":{"line":72,"column":30},"end":{"line":72,"column":45}},{"start":{"line":72,"column":48},"end":{"line":72,"column":66}}],"line":72},"4":{"loc":{"start":{"line":73,"column":66},"end":{"line":75,"column":44}},"type":"if","locations":[{"start":{"line":73,"column":66},"end":{"line":75,"column":44}},{"start":{"line":73,"column":66},"end":{"line":75,"column":44}}],"line":73},"5":{"loc":{"start":{"line":75,"column":4},"end":{"line":75,"column":43}},"type":"if","locations":[{"start":{"line":75,"column":4},"end":{"line":75,"column":43}},{"start":{"line":75,"column":4},"end":{"line":75,"column":43}}],"line":75},"6":{"loc":{"start":{"line":76,"column":82},"end":{"line":79,"column":79}},"type":"if","locations":[{"start":{"line":76,"column":82},"end":{"line":79,"column":79}},{"start":{"line":76,"column":82},"end":{"line":79,"column":79}}],"line":76},"7":{"loc":{"start":{"line":80,"column":117},"end":{"line":81,"column":82}},"type":"if","locations":[{"start":{"line":80,"column":117},"end":{"line":81,"column":82}},{"start":{"line":80,"column":117},"end":{"line":81,"column":82}}],"line":80}},"s":{"0":0,"1":0,"2":0,"3":0,"4":0,"5":0,"6":0,"7":0,"8":0,"9":0,"10":0,"11":0,"12":0,"13":0,"14":0,"15":0,"16":0,"17":0,"18":0,"19":0,"20":0,"21":0,"22":0,"23":0,"24":0,"25":0,"26":0,"27":0,"28":0,"29":0,"30":0,"31":0,"32":0,"33":0,"34":0,"35":0,"36":0,"37":0},"f":{"0":0,"1":0,"2":0,"3":0,"4":0,"5":0,"6":0},"b":{"0":[0,0],"1":[0,0],"2":[0,0],"3":[0,0],"4":[0,0],"5":[0,0],"6":[0,0],"7":[0,0]}}
,"/Users/ebenezer/CursoReact/leitura-udacity/frontend/src/app/store/sagas/index.js": {"path":"/Users/ebenezer/CursoReact/leitura-udacity/frontend/src/app/store/sagas/index.js","statementMap":{"0":{"start":{"line":1,"column":13},"end":{"line":1,"column":75}},"1":{"start":{"line":1,"column":75},"end":{"line":20,"column":5}},"2":{"start":{"line":20,"column":20},"end":{"line":20,"column":49}},"3":{"start":{"line":20,"column":63},"end":{"line":20,"column":90}},"4":{"start":{"line":20,"column":106},"end":{"line":20,"column":135}},"5":{"start":{"line":20,"column":152},"end":{"line":20,"column":182}},"6":{"start":{"line":20,"column":197},"end":{"line":20,"column":215}},"7":{"start":{"line":20,"column":232},"end":{"line":20,"column":252}},"8":{"start":{"line":20,"column":270},"end":{"line":20,"column":291}},"9":{"start":{"line":21,"column":2},"end":{"line":36,"column":90}}},"fnMap":{"0":{"name":"root","decl":{"start":{"line":20,"column":314},"end":{"line":20,"column":318}},"loc":{"start":{"line":20,"column":321},"end":{"line":38,"column":1}},"line":20}},"branchMap":{},"s":{"0":0,"1":0,"2":0,"3":0,"4":0,"5":0,"6":0,"7":0,"8":0,"9":0},"f":{"0":0},"b":{}}
,"/Users/ebenezer/CursoReact/leitura-udacity/frontend/src/app/store/sagas/posts.js": {"path":"/Users/ebenezer/CursoReact/leitura-udacity/frontend/src/app/store/sagas/posts.js","statementMap":{"0":{"start":{"line":1,"column":13},"end":{"line":1,"column":75}},"1":{"start":{"line":1,"column":75},"end":{"line":20,"column":26}},"2":{"start":{"line":20,"column":26},"end":{"line":38,"column":20}},"3":{"start":{"line":38,"column":20},"end":{"line":50,"column":24}},"4":{"start":{"line":50,"column":24},"end":{"line":64,"column":34}},"5":{"start":{"line":64,"column":34},"end":{"line":80,"column":28}},"6":{"start":{"line":80,"column":43},"end":{"line":80,"column":73}},"7":{"start":{"line":80,"column":86},"end":{"line":80,"column":101}},"8":{"start":{"line":80,"column":117},"end":{"line":80,"column":146}},"9":{"start":{"line":80,"column":160},"end":{"line":80,"column":187}},"10":{"start":{"line":80,"column":202},"end":{"line":80,"column":232}},"11":{"start":{"line":80,"column":248},"end":{"line":80,"column":279}},"12":{"start":{"line":80,"column":318},"end":{"line":80,"column":372}},"13":{"start":{"line":80,"column":450},"end":{"line":80,"column":529}},"14":{"start":{"line":80,"column":530},"end":{"line":84,"column":67}},"15":{"start":{"line":81,"column":23},"end":{"line":81,"column":87}},"16":{"start":{"line":82,"column":24},"end":{"line":82,"column":63}},"17":{"start":{"line":83,"column":4},"end":{"line":83,"column":107}},"18":{"start":{"line":84,"column":4},"end":{"line":84,"column":66}},"19":{"start":{"line":85,"column":15},"end":{"line":85,"column":60}},"20":{"start":{"line":86,"column":19},"end":{"line":86,"column":62}},"21":{"start":{"line":86,"column":63},"end":{"line":87,"column":77}},"22":{"start":{"line":87,"column":4},"end":{"line":87,"column":76}},"23":{"start":{"line":88,"column":19},"end":{"line":88,"column":75}},"24":{"start":{"line":88,"column":76},"end":{"line":91,"column":71}},"25":{"start":{"line":89,"column":18},"end":{"line":89,"column":82}},"26":{"start":{"line":89,"column":50},"end":{"line":89,"column":81}},"27":{"start":{"line":90,"column":4},"end":{"line":90,"column":32}},"28":{"start":{"line":91,"column":4},"end":{"line":91,"column":70}},"29":{"start":{"line":92,"column":19},"end":{"line":92,"column":110}},"30":{"start":{"line":92,"column":111},"end":{"line":93,"column":109}},"31":{"start":{"line":93,"column":4},"end":{"line":93,"column":108}},"32":{"start":{"line":93,"column":136},"end":{"line":93,"column":251}},"33":{"start":{"line":93,"column":150},"end":{"line":93,"column":207}},"34":{"start":{"line":93,"column":207},"end":{"line":93,"column":250}}},"fnMap":{"0":{"name":"_interopRequireDefault","decl":{"start":{"line":80,"column":289},"end":{"line":80,"column":311}},"loc":{"start":{"line":80,"column":317},"end":{"line":80,"column":373}},"line":80},"1":{"name":"postRequest","decl":{"start":{"line":80,"column":412},"end":{"line":80,"column":423}},"loc":{"start":{"line":80,"column":432},"end":{"line":84,"column":68}},"line":80},"2":{"name":"postSave","decl":{"start":{"line":84,"column":90},"end":{"line":84,"column":98}},"loc":{"start":{"line":84,"column":107},"end":{"line":87,"column":78}},"line":84},"3":{"name":"postRemove","decl":{"start":{"line":87,"column":88},"end":{"line":87,"column":98}},"loc":{"start":{"line":87,"column":107},"end":{"line":91,"column":72}},"line":87},"4":{"name":"(anonymous_4)","decl":{"start":{"line":89,"column":45},"end":{"line":89,"column":46}},"loc":{"start":{"line":89,"column":50},"end":{"line":89,"column":81}},"line":89},"5":{"name":"postLikeNotLike","decl":{"start":{"line":91,"column":82},"end":{"line":91,"column":97}},"loc":{"start":{"line":91,"column":106},"end":{"line":93,"column":110}},"line":91},"6":{"name":"notification","decl":{"start":{"line":93,"column":120},"end":{"line":93,"column":132}},"loc":{"start":{"line":93,"column":135},"end":{"line":93,"column":252}},"line":93}},"branchMap":{"0":{"loc":{"start":{"line":80,"column":325},"end":{"line":80,"column":371}},"type":"cond-expr","locations":[{"start":{"line":80,"column":349},"end":{"line":80,"column":352}},{"start":{"line":80,"column":355},"end":{"line":80,"column":371}}],"line":80},"1":{"loc":{"start":{"line":80,"column":325},"end":{"line":80,"column":346}},"type":"binary-expr","locations":[{"start":{"line":80,"column":325},"end":{"line":80,"column":328}},{"start":{"line":80,"column":332},"end":{"line":80,"column":346}}],"line":80},"2":{"loc":{"start":{"line":80,"column":530},"end":{"line":84,"column":67}},"type":"if","locations":[{"start":{"line":80,"column":530},"end":{"line":84,"column":67}},{"start":{"line":80,"column":530},"end":{"line":84,"column":67}}],"line":80},"3":{"loc":{"start":{"line":81,"column":23},"end":{"line":81,"column":87}},"type":"cond-expr","locations":[{"start":{"line":81,"column":56},"end":{"line":81,"column":69}},{"start":{"line":81,"column":72},"end":{"line":81,"column":87}}],"line":81},"4":{"loc":{"start":{"line":83,"column":76},"end":{"line":83,"column":104}},"type":"cond-expr","locations":[{"start":{"line":83,"column":92},"end":{"line":83,"column":96}},{"start":{"line":83,"column":99},"end":{"line":83,"column":104}}],"line":83},"5":{"loc":{"start":{"line":85,"column":15},"end":{"line":85,"column":60}},"type":"cond-expr","locations":[{"start":{"line":85,"column":30},"end":{"line":85,"column":42}},{"start":{"line":85,"column":45},"end":{"line":85,"column":60}}],"line":85},"6":{"loc":{"start":{"line":86,"column":63},"end":{"line":87,"column":77}},"type":"if","locations":[{"start":{"line":86,"column":63},"end":{"line":87,"column":77}},{"start":{"line":86,"column":63},"end":{"line":87,"column":77}}],"line":86},"7":{"loc":{"start":{"line":88,"column":76},"end":{"line":91,"column":71}},"type":"if","locations":[{"start":{"line":88,"column":76},"end":{"line":91,"column":71}},{"start":{"line":88,"column":76},"end":{"line":91,"column":71}}],"line":88},"8":{"loc":{"start":{"line":92,"column":111},"end":{"line":93,"column":109}},"type":"if","locations":[{"start":{"line":92,"column":111},"end":{"line":93,"column":109}},{"start":{"line":92,"column":111},"end":{"line":93,"column":109}}],"line":92}},"s":{"0":0,"1":0,"2":0,"3":0,"4":0,"5":0,"6":0,"7":0,"8":0,"9":0,"10":0,"11":0,"12":0,"13":0,"14":0,"15":0,"16":0,"17":0,"18":0,"19":0,"20":0,"21":0,"22":0,"23":0,"24":0,"25":0,"26":0,"27":0,"28":0,"29":0,"30":0,"31":0,"32":0,"33":0,"34":0},"f":{"0":0,"1":0,"2":0,"3":0,"4":0,"5":0,"6":0},"b":{"0":[0,0],"1":[0,0],"2":[0,0],"3":[0,0],"4":[0,0],"5":[0,0],"6":[0,0],"7":[0,0],"8":[0,0]}}
,"/Users/ebenezer/CursoReact/leitura-udacity/frontend/src/app/util/helpers.js": {"path":"/Users/ebenezer/CursoReact/leitura-udacity/frontend/src/app/util/helpers.js","statementMap":{"0":{"start":{"line":3,"column":29},"end":{"line":9,"column":1}},"1":{"start":{"line":4,"column":20},"end":{"line":4,"column":22}},"2":{"start":{"line":6,"column":4},"end":{"line":6,"column":46}},"3":{"start":{"line":6,"column":22},"end":{"line":6,"column":43}},"4":{"start":{"line":8,"column":4},"end":{"line":8,"column":19}},"5":{"start":{"line":11,"column":26},"end":{"line":13,"column":1}},"6":{"start":{"line":12,"column":4},"end":{"line":12,"column":57}}},"fnMap":{"0":{"name":"(anonymous_0)","decl":{"start":{"line":3,"column":29},"end":{"line":3,"column":30}},"loc":{"start":{"line":3,"column":38},"end":{"line":9,"column":1}},"line":3},"1":{"name":"(anonymous_1)","decl":{"start":{"line":6,"column":14},"end":{"line":6,"column":15}},"loc":{"start":{"line":6,"column":22},"end":{"line":6,"column":43}},"line":6},"2":{"name":"(anonymous_2)","decl":{"start":{"line":11,"column":26},"end":{"line":11,"column":27}},"loc":{"start":{"line":11,"column":32},"end":{"line":13,"column":1}},"line":11}},"branchMap":{},"s":{"0":2,"1":0,"2":0,"3":0,"4":0,"5":2,"6":1},"f":{"0":0,"1":0,"2":1},"b":{},"_coverageSchema":"332fd63041d2c1bcb487cc26dd0d5f7d97098a6c","hash":"7a4ffeb4d0efebcf50bc446e48cda36acadae594"}
,"/Users/ebenezer/CursoReact/leitura-udacity/frontend/src/app/views/Home.js": {"path":"/Users/ebenezer/CursoReact/leitura-udacity/frontend/src/app/views/Home.js","statementMap":{"0":{"start":{"line":25,"column":21},"end":{"line":29,"column":1}},"1":{"start":{"line":35,"column":34},"end":{"line":35,"column":44}},"2":{"start":{"line":36,"column":4},"end":{"line":36,"column":59}},"3":{"start":{"line":38,"column":4},"end":{"line":38,"column":33}},"4":{"start":{"line":42,"column":34},"end":{"line":42,"column":42}},"5":{"start":{"line":43,"column":4},"end":{"line":45,"column":61}},"6":{"start":{"line":45,"column":6},"end":{"line":45,"column":61}},"7":{"start":{"line":50,"column":27},"end":{"line":50,"column":51}},"8":{"start":{"line":51,"column":49},"end":{"line":51,"column":69}},"9":{"start":{"line":54,"column":29},"end":{"line":54,"column":61}},"10":{"start":{"line":55,"column":24},"end":{"line":55,"column":34}},"11":{"start":{"line":57,"column":4},"end":{"line":136,"column":6}},"12":{"start":{"line":93,"column":22},"end":{"line":93,"column":50}},"13":{"start":{"line":103,"column":40},"end":{"line":103,"column":69}},"14":{"start":{"line":121,"column":12},"end":{"line":126,"column":14}},"15":{"start":{"line":140,"column":24},"end":{"line":147,"column":1}},"16":{"start":{"line":142,"column":21},"end":{"line":142,"column":76}},"17":{"start":{"line":143,"column":2},"end":{"line":146,"column":4}},"18":{"start":{"line":149,"column":27},"end":{"line":157,"column":2}},"19":{"start":{"line":149,"column":40},"end":{"line":157,"column":1}},"20":{"start":{"line":151,"column":37},"end":{"line":151,"column":88}},"21":{"start":{"line":152,"column":22},"end":{"line":152,"column":60}},"22":{"start":{"line":153,"column":21},"end":{"line":153,"column":60}},"23":{"start":{"line":156,"column":25},"end":{"line":156,"column":68}}},"fnMap":{"0":{"name":"(anonymous_0)","decl":{"start":{"line":33,"column":2},"end":{"line":33,"column":3}},"loc":{"start":{"line":33,"column":22},"end":{"line":39,"column":3}},"line":33},"1":{"name":"(anonymous_1)","decl":{"start":{"line":41,"column":2},"end":{"line":41,"column":3}},"loc":{"start":{"line":41,"column":38},"end":{"line":46,"column":3}},"line":41},"2":{"name":"(anonymous_2)","decl":{"start":{"line":48,"column":2},"end":{"line":48,"column":3}},"loc":{"start":{"line":48,"column":11},"end":{"line":137,"column":3}},"line":48},"3":{"name":"(anonymous_3)","decl":{"start":{"line":92,"column":30},"end":{"line":92,"column":31}},"loc":{"start":{"line":92,"column":40},"end":{"line":94,"column":21}},"line":92},"4":{"name":"(anonymous_4)","decl":{"start":{"line":103,"column":30},"end":{"line":103,"column":31}},"loc":{"start":{"line":103,"column":40},"end":{"line":103,"column":69}},"line":103},"5":{"name":"(anonymous_5)","decl":{"start":{"line":120,"column":26},"end":{"line":120,"column":27}},"loc":{"start":{"line":121,"column":12},"end":{"line":126,"column":14}},"line":121},"6":{"name":"(anonymous_6)","decl":{"start":{"line":140,"column":24},"end":{"line":140,"column":25}},"loc":{"start":{"line":140,"column":33},"end":{"line":147,"column":1}},"line":140},"7":{"name":"(anonymous_7)","decl":{"start":{"line":149,"column":27},"end":{"line":149,"column":28}},"loc":{"start":{"line":149,"column":40},"end":{"line":157,"column":1}},"line":149},"8":{"name":"(anonymous_8)","decl":{"start":{"line":151,"column":15},"end":{"line":151,"column":16}},"loc":{"start":{"line":151,"column":37},"end":{"line":151,"column":88}},"line":151},"9":{"name":"(anonymous_9)","decl":{"start":{"line":152,"column":13},"end":{"line":152,"column":14}},"loc":{"start":{"line":152,"column":22},"end":{"line":152,"column":60}},"line":152},"10":{"name":"(anonymous_10)","decl":{"start":{"line":153,"column":15},"end":{"line":153,"column":16}},"loc":{"start":{"line":153,"column":21},"end":{"line":153,"column":60}},"line":153},"11":{"name":"(anonymous_11)","decl":{"start":{"line":156,"column":19},"end":{"line":156,"column":20}},"loc":{"start":{"line":156,"column":25},"end":{"line":156,"column":68}},"line":156}},"branchMap":{"0":{"loc":{"start":{"line":43,"column":4},"end":{"line":45,"column":61}},"type":"if","locations":[{"start":{"line":43,"column":4},"end":{"line":45,"column":61}},{"start":{"line":43,"column":4},"end":{"line":45,"column":61}}],"line":43},"1":{"loc":{"start":{"line":43,"column":8},"end":{"line":44,"column":56}},"type":"binary-expr","locations":[{"start":{"line":43,"column":8},"end":{"line":43,"column":60}},{"start":{"line":44,"column":8},"end":{"line":44,"column":56}}],"line":43},"2":{"loc":{"start":{"line":62,"column":11},"end":{"line":108,"column":11}},"type":"cond-expr","locations":[{"start":{"line":63,"column":12},"end":{"line":68,"column":18}},{"start":{"line":70,"column":12},"end":{"line":107,"column":18}}],"line":62},"3":{"loc":{"start":{"line":110,"column":11},"end":{"line":118,"column":11}},"type":"binary-expr","locations":[{"start":{"line":110,"column":11},"end":{"line":110,"column":42}},{"start":{"line":111,"column":12},"end":{"line":117,"column":14}}],"line":110}},"s":{"0":1,"1":8,"2":8,"3":8,"4":0,"5":0,"6":0,"7":8,"8":8,"9":8,"10":8,"11":8,"12":0,"13":0,"14":8,"15":1,"16":8,"17":8,"18":1,"19":8,"20":8,"21":0,"22":1,"23":8},"f":{"0":8,"1":0,"2":8,"3":0,"4":0,"5":8,"6":8,"7":8,"8":8,"9":0,"10":1,"11":8},"b":{"0":[0,0],"1":[0,0],"2":[5,3],"3":[8,4]},"_coverageSchema":"332fd63041d2c1bcb487cc26dd0d5f7d97098a6c","hash":"0a2d6bcc623c30d3e177483949946adc0313c15e"}
}
