TN:
SF:/Users/ebenezer/CursoReact/leitura-udacity/frontend/src/index.js
FN:8,_interopRequireDefault
FNF:1
FNH:0
FNDA:0,_interopRequireDefault
DA:1,0
DA:5,0
DA:6,0
DA:8,0
DA:10,0
DA:11,0
LF:6
LH:0
BRDA:8,0,0,0
BRDA:8,0,1,0
BRDA:8,1,0,0
BRDA:8,1,1,0
BRF:4
BRH:0
end_of_record
TN:
SF:/Users/ebenezer/CursoReact/leitura-udacity/frontend/src/registerServiceWorker.js
FN:120,register
FN:124,(anonymous_1)
FN:127,(anonymous_2)
FN:128,registerValidSW
FN:128,(anonymous_4)
FN:128,(anonymous_5)
FN:128,(anonymous_6)
FN:135,(anonymous_7)
FN:135,checkValidServiceWorker
FN:136,(anonymous_9)
FN:138,(anonymous_10)
FN:138,(anonymous_11)
FN:139,(anonymous_12)
FN:139,unregister
FN:139,(anonymous_14)
FNF:15
FNH:0
FNDA:0,register
FNDA:0,(anonymous_1)
FNDA:0,(anonymous_2)
FNDA:0,registerValidSW
FNDA:0,(anonymous_4)
FNDA:0,(anonymous_5)
FNDA:0,(anonymous_6)
FNDA:0,(anonymous_7)
FNDA:0,checkValidServiceWorker
FNDA:0,(anonymous_9)
FNDA:0,(anonymous_10)
FNDA:0,(anonymous_11)
FNDA:0,(anonymous_12)
FNDA:0,unregister
FNDA:0,(anonymous_14)
DA:1,0
DA:21,0
DA:118,0
DA:120,0
DA:121,0
DA:124,0
DA:125,0
DA:127,0
DA:128,0
DA:132,0
DA:135,0
DA:136,0
DA:137,0
DA:138,0
DA:139,0
LF:15
LH:0
BRDA:118,0,0,0
BRDA:118,0,1,0
BRDA:118,0,2,0
BRDA:120,1,0,0
BRDA:120,1,1,0
BRDA:120,2,0,0
BRDA:120,2,1,0
BRDA:121,3,0,0
BRDA:121,3,1,0
BRDA:124,4,0,0
BRDA:124,4,1,0
BRDA:128,5,0,0
BRDA:128,5,1,0
BRDA:128,6,0,0
BRDA:128,6,1,0
BRDA:137,7,0,0
BRDA:137,7,1,0
BRDA:137,8,0,0
BRDA:137,8,1,0
BRDA:139,9,0,0
BRDA:139,9,1,0
BRF:21
BRH:0
end_of_record
TN:
SF:/Users/ebenezer/CursoReact/leitura-udacity/frontend/src/setupTests.js
FNF:0
FNH:0
DA:4,3
LF:1
LH:1
BRF:0
BRH:0
end_of_record
TN:
SF:/Users/ebenezer/CursoReact/leitura-udacity/frontend/src/App/components/CommentPost/index.js
FN:23,(anonymous_0)
FN:34,(anonymous_1)
FN:40,(anonymous_2)
FN:45,(anonymous_3)
FN:47,(anonymous_4)
FN:49,(anonymous_5)
FN:51,(anonymous_6)
FN:69,(anonymous_7)
FN:73,(anonymous_8)
FN:91,(anonymous_9)
FN:122,(anonymous_10)
FN:124,(anonymous_11)
FN:125,(anonymous_12)
FN:126,(anonymous_13)
FNF:14
FNH:0
FNDA:0,(anonymous_0)
FNDA:0,(anonymous_1)
FNDA:0,(anonymous_2)
FNDA:0,(anonymous_3)
FNDA:0,(anonymous_4)
FNDA:0,(anonymous_5)
FNDA:0,(anonymous_6)
FNDA:0,(anonymous_7)
FNDA:0,(anonymous_8)
FNDA:0,(anonymous_9)
FNDA:0,(anonymous_10)
FNDA:0,(anonymous_11)
FNDA:0,(anonymous_12)
FNDA:0,(anonymous_13)
DA:13,2
DA:24,0
DA:30,0
DA:35,0
DA:40,0
DA:45,0
DA:47,0
DA:49,0
DA:53,0
DA:55,0
DA:69,0
DA:73,0
DA:91,0
DA:122,2
DA:124,0
DA:125,0
DA:126,0
LF:17
LH:2
BRDA:62,0,0,0
BRDA:62,0,1,0
BRDA:79,1,0,0
BRDA:79,1,1,0
BRF:4
BRH:0
end_of_record
TN:
SF:/Users/ebenezer/CursoReact/leitura-udacity/frontend/src/App/components/FormPost/index.js
FN:28,(anonymous_0)
FN:31,(anonymous_1)
FN:48,(anonymous_2)
FN:63,(anonymous_3)
FN:76,(anonymous_4)
FN:86,(anonymous_5)
FN:93,(anonymous_6)
FN:134,(anonymous_7)
FN:139,(anonymous_8)
FN:140,(anonymous_9)
FN:141,(anonymous_10)
FNF:11
FNH:0
FNDA:0,(anonymous_0)
FNDA:0,(anonymous_1)
FNDA:0,(anonymous_2)
FNDA:0,(anonymous_3)
FNDA:0,(anonymous_4)
FNDA:0,(anonymous_5)
FNDA:0,(anonymous_6)
FNDA:0,(anonymous_7)
FNDA:0,(anonymous_8)
FNDA:0,(anonymous_9)
FNDA:0,(anonymous_10)
DA:14,1
DA:28,0
DA:33,0
DA:34,0
DA:35,0
DA:44,0
DA:50,0
DA:51,0
DA:52,0
DA:55,0
DA:56,0
DA:59,0
DA:64,0
DA:73,0
DA:77,0
DA:83,0
DA:87,0
DA:88,0
DA:95,0
DA:96,0
DA:98,0
DA:100,0
DA:134,1
DA:139,1
DA:140,0
DA:141,0
LF:26
LH:3
BRDA:33,0,0,0
BRDA:33,0,1,0
BRDA:41,1,0,0
BRDA:41,1,1,0
BRDA:50,2,0,0
BRDA:50,2,1,0
BRDA:55,3,0,0
BRDA:55,3,1,0
BRDA:109,4,0,0
BRDA:109,4,1,0
BRDA:114,5,0,0
BRDA:114,5,1,0
BRF:12
BRH:0
end_of_record
TN:
SF:/Users/ebenezer/CursoReact/leitura-udacity/frontend/src/App/store/ducks/category.js
FN:20,(anonymous_0)
FNF:1
FNH:0
FNDA:0,(anonymous_0)
DA:5,1
DA:14,1
DA:20,1
DA:24,1
LF:4
LH:4
BRF:0
BRH:0
end_of_record
TN:
SF:/Users/ebenezer/CursoReact/leitura-udacity/frontend/src/app/index.js
FN:6,_interopRequireDefault
FN:10,(anonymous_1)
FNF:2
FNH:0
FNDA:0,_interopRequireDefault
FNDA:0,(anonymous_1)
DA:1,0
DA:2,0
DA:3,0
DA:5,0
DA:6,0
DA:8,0
DA:11,0
LF:7
LH:0
BRDA:6,0,0,0
BRDA:6,0,1,0
BRDA:6,1,0,0
BRDA:6,1,1,0
BRF:4
BRH:0
end_of_record
TN:
SF:/Users/ebenezer/CursoReact/leitura-udacity/frontend/src/app/api/api.js
FNF:0
FNH:0
DA:1,0
DA:3,0
DA:5,0
DA:6,0
DA:8,0
DA:14,0
LF:6
LH:0
BRDA:6,0,0,0
BRDA:6,0,1,0
BRF:2
BRH:0
end_of_record
TN:
SF:/Users/ebenezer/CursoReact/leitura-udacity/frontend/src/app/api/apiCategory.js
FN:1,_interopRequireDefault
FN:3,(anonymous_1)
FNF:2
FNH:0
FNDA:0,_interopRequireDefault
FNDA:0,(anonymous_1)
DA:1,0
DA:3,0
LF:2
LH:0
BRDA:1,0,0,0
BRDA:1,0,1,0
BRDA:1,1,0,0
BRDA:1,1,1,0
BRF:4
BRH:0
end_of_record
TN:
SF:/Users/ebenezer/CursoReact/leitura-udacity/frontend/src/app/api/apiComment.js
FN:1,_interopRequireDefault
FN:3,(anonymous_1)
FN:5,(anonymous_2)
FN:7,(anonymous_3)
FN:9,(anonymous_4)
FN:11,(anonymous_5)
FNF:6
FNH:0
FNDA:0,_interopRequireDefault
FNDA:0,(anonymous_1)
FNDA:0,(anonymous_2)
FNDA:0,(anonymous_3)
FNDA:0,(anonymous_4)
FNDA:0,(anonymous_5)
DA:1,0
DA:3,0
DA:5,0
DA:7,0
DA:9,0
DA:11,0
LF:6
LH:0
BRDA:1,0,0,0
BRDA:1,0,1,0
BRDA:1,1,0,0
BRDA:1,1,1,0
BRF:4
BRH:0
end_of_record
TN:
SF:/Users/ebenezer/CursoReact/leitura-udacity/frontend/src/app/api/apiPost.js
FN:1,_interopRequireDefault
FN:3,(anonymous_1)
FN:11,(anonymous_2)
FN:13,(anonymous_3)
FN:15,(anonymous_4)
FN:17,(anonymous_5)
FNF:6
FNH:0
FNDA:0,_interopRequireDefault
FNDA:0,(anonymous_1)
FNDA:0,(anonymous_2)
FNDA:0,(anonymous_3)
FNDA:0,(anonymous_4)
FNDA:0,(anonymous_5)
DA:1,0
DA:3,0
DA:4,0
DA:8,0
DA:11,0
DA:13,0
DA:15,0
DA:17,0
LF:8
LH:0
BRDA:1,0,0,0
BRDA:1,0,1,0
BRDA:1,1,0,0
BRDA:1,1,1,0
BRDA:4,2,0,0
BRDA:4,2,1,0
BRDA:6,3,0,0
BRDA:6,3,1,0
BRF:8
BRH:0
end_of_record
TN:
SF:/Users/ebenezer/CursoReact/leitura-udacity/frontend/src/app/components/CommentPost/index.js
FN:10,_interopRequireDefault
FN:18,(anonymous_1)
FN:23,(anonymous_2)
FN:34,(anonymous_3)
FN:40,(anonymous_4)
FN:45,(anonymous_5)
FN:47,(anonymous_6)
FN:49,(anonymous_7)
FN:51,(anonymous_8)
FN:69,(anonymous_9)
FN:73,(anonymous_10)
FN:91,(anonymous_11)
FN:122,(anonymous_12)
FN:124,(anonymous_13)
FN:125,(anonymous_14)
FN:126,(anonymous_15)
FNF:16
FNH:0
FNDA:0,_interopRequireDefault
FNDA:0,(anonymous_1)
FNDA:0,(anonymous_2)
FNDA:0,(anonymous_3)
FNDA:0,(anonymous_4)
FNDA:0,(anonymous_5)
FNDA:0,(anonymous_6)
FNDA:0,(anonymous_7)
FNDA:0,(anonymous_8)
FNDA:0,(anonymous_9)
FNDA:0,(anonymous_10)
FNDA:0,(anonymous_11)
FNDA:0,(anonymous_12)
FNDA:0,(anonymous_13)
FNDA:0,(anonymous_14)
FNDA:0,(anonymous_15)
DA:1,0
DA:9,0
DA:10,0
DA:13,0
DA:18,0
DA:24,0
DA:30,0
DA:35,0
DA:40,0
DA:45,0
DA:47,0
DA:49,0
DA:53,0
DA:55,0
DA:69,0
DA:73,0
DA:91,0
DA:122,0
DA:124,0
DA:125,0
DA:126,0
DA:129,0
LF:22
LH:0
BRDA:10,0,0,0
BRDA:10,0,1,0
BRDA:10,1,0,0
BRDA:10,1,1,0
BRDA:62,2,0,0
BRDA:62,2,1,0
BRDA:79,3,0,0
BRDA:79,3,1,0
BRF:8
BRH:0
end_of_record
TN:
SF:/Users/ebenezer/CursoReact/leitura-udacity/frontend/src/app/components/Footer/index.js
FN:5,(anonymous_0)
FNF:1
FNH:0
FNDA:0,(anonymous_0)
DA:5,1
DA:6,0
LF:2
LH:1
BRF:0
BRH:0
end_of_record
TN:
SF:/Users/ebenezer/CursoReact/leitura-udacity/frontend/src/app/components/FormPost/index.js
FN:12,_interopRequireDefault
FN:24,(anonymous_1)
FN:28,(anonymous_2)
FN:48,(anonymous_3)
FN:63,(anonymous_4)
FN:76,(anonymous_5)
FN:86,(anonymous_6)
FN:89,(anonymous_7)
FN:93,(anonymous_8)
FN:134,(anonymous_9)
FN:139,(anonymous_10)
FN:140,(anonymous_11)
FN:141,(anonymous_12)
FNF:13
FNH:0
FNDA:0,_interopRequireDefault
FNDA:0,(anonymous_1)
FNDA:0,(anonymous_2)
FNDA:0,(anonymous_3)
FNDA:0,(anonymous_4)
FNDA:0,(anonymous_5)
FNDA:0,(anonymous_6)
FNDA:0,(anonymous_7)
FNDA:0,(anonymous_8)
FNDA:0,(anonymous_9)
FNDA:0,(anonymous_10)
FNDA:0,(anonymous_11)
FNDA:0,(anonymous_12)
DA:1,0
DA:11,0
DA:12,0
DA:14,0
DA:24,0
DA:28,0
DA:50,0
DA:51,0
DA:52,0
DA:55,0
DA:56,0
DA:59,0
DA:64,0
DA:73,0
DA:77,0
DA:83,0
DA:87,0
DA:88,0
DA:89,0
DA:95,0
DA:96,0
DA:98,0
DA:100,0
DA:134,0
DA:139,0
DA:140,0
DA:141,0
LF:27
LH:0
BRDA:12,0,0,0
BRDA:12,0,1,0
BRDA:12,1,0,0
BRDA:12,1,1,0
BRDA:50,2,0,0
BRDA:50,2,1,0
BRDA:55,3,0,0
BRDA:55,3,1,0
BRDA:89,4,0,0
BRDA:89,4,1,0
BRDA:89,5,0,0
BRDA:89,5,1,0
BRDA:109,6,0,0
BRDA:109,6,1,0
BRDA:114,7,0,0
BRDA:114,7,1,0
BRF:16
BRH:0
end_of_record
TN:
SF:/Users/ebenezer/CursoReact/leitura-udacity/frontend/src/app/components/Header/index.js
FN:5,(anonymous_0)
FNF:1
FNH:1
FNDA:1,(anonymous_0)
DA:5,2
DA:6,1
LF:2
LH:2
BRF:0
BRH:0
end_of_record
TN:
SF:/Users/ebenezer/CursoReact/leitura-udacity/frontend/src/app/components/Post/index.js
FN:37,(anonymous_0)
FN:46,(anonymous_1)
FN:50,(anonymous_2)
FN:57,(anonymous_3)
FN:64,(anonymous_4)
FN:70,(anonymous_5)
FN:116,(anonymous_6)
FN:128,(anonymous_7)
FN:152,(anonymous_8)
FN:182,(anonymous_9)
FN:190,(anonymous_10)
FN:224,(anonymous_11)
FN:228,(anonymous_12)
FN:229,(anonymous_13)
FN:230,(anonymous_14)
FN:231,(anonymous_15)
FN:234,(anonymous_16)
FN:235,(anonymous_17)
FNF:18
FNH:16
FNDA:1,(anonymous_0)
FNDA:0,(anonymous_1)
FNDA:1,(anonymous_2)
FNDA:1,(anonymous_3)
FNDA:1,(anonymous_4)
FNDA:14,(anonymous_5)
FNDA:1,(anonymous_6)
FNDA:1,(anonymous_7)
FNDA:1,(anonymous_8)
FNDA:28,(anonymous_9)
FNDA:0,(anonymous_10)
FNDA:9,(anonymous_11)
FNDA:9,(anonymous_12)
FNDA:1,(anonymous_13)
FNDA:1,(anonymous_14)
FNDA:2,(anonymous_15)
FNDA:1,(anonymous_16)
FNDA:1,(anonymous_17)
DA:29,2
DA:38,1
DA:46,1
DA:52,1
DA:58,1
DA:65,1
DA:66,1
DA:67,1
DA:80,14
DA:82,14
DA:84,14
DA:86,14
DA:117,1
DA:129,1
DA:152,1
DA:182,28
DA:191,0
DA:224,9
DA:228,9
DA:229,1
DA:230,1
DA:231,2
DA:234,1
DA:235,1
LF:24
LH:23
BRDA:82,0,0,14
BRDA:82,0,1,0
BRDA:105,1,0,14
BRDA:105,1,1,14
BRDA:184,2,0,14
BRDA:184,2,1,5
BRDA:210,3,0,14
BRDA:210,3,1,5
BRF:8
BRH:7
end_of_record
TN:
SF:/Users/ebenezer/CursoReact/leitura-udacity/frontend/src/app/store/configureStore.js
FN:3,_interopRequireDefault
FN:5,(anonymous_1)
FNF:2
FNH:0
FNDA:0,_interopRequireDefault
FNDA:0,(anonymous_1)
DA:1,0
DA:2,0
DA:3,0
DA:6,0
DA:7,0
DA:10,0
DA:11,0
DA:13,0
DA:15,0
DA:18,0
DA:21,0
DA:23,0
LF:12
LH:0
BRDA:3,0,0,0
BRDA:3,0,1,0
BRDA:3,1,0,0
BRDA:3,1,1,0
BRDA:13,2,0,0
BRDA:13,2,1,0
BRF:6
BRH:0
end_of_record
TN:
SF:/Users/ebenezer/CursoReact/leitura-udacity/frontend/src/app/store/index.js
FN:8,_interopRequireDefault
FN:10,(anonymous_1)
FNF:2
FNH:0
FNDA:0,_interopRequireDefault
FNDA:0,(anonymous_1)
DA:1,0
DA:2,0
DA:3,0
DA:6,0
DA:7,0
DA:8,0
DA:12,0
DA:18,0
LF:8
LH:0
BRDA:8,0,0,0
BRDA:8,0,1,0
BRDA:8,1,0,0
BRDA:8,1,1,0
BRF:4
BRH:0
end_of_record
TN:
SF:/Users/ebenezer/CursoReact/leitura-udacity/frontend/src/app/store/ducks/category.js
FN:20,(anonymous_0)
FNF:1
FNH:0
FNDA:0,(anonymous_0)
DA:1,0
DA:5,0
DA:7,0
DA:10,0
DA:14,0
DA:20,0
DA:24,0
LF:7
LH:0
BRF:0
BRH:0
end_of_record
TN:
SF:/Users/ebenezer/CursoReact/leitura-udacity/frontend/src/app/store/ducks/comment.js
FN:35,(anonymous_0)
FN:40,(anonymous_1)
FN:51,(anonymous_2)
FN:55,(anonymous_3)
FNF:4
FNH:0
FNDA:0,(anonymous_0)
FNDA:0,(anonymous_1)
FNDA:0,(anonymous_2)
FNDA:0,(anonymous_3)
DA:5,2
DA:29,2
DA:35,2
DA:40,2
DA:51,2
DA:55,2
DA:58,2
LF:7
LH:7
BRF:0
BRH:0
end_of_record
TN:
SF:/Users/ebenezer/CursoReact/leitura-udacity/frontend/src/app/store/ducks/posts.js
FN:44,(anonymous_0)
FN:49,(anonymous_1)
FN:57,(anonymous_2)
FN:65,(anonymous_3)
FN:73,(anonymous_4)
FN:78,(anonymous_5)
FN:91,(anonymous_6)
FN:96,(anonymous_7)
FNF:8
FNH:0
FNDA:0,(anonymous_0)
FNDA:0,(anonymous_1)
FNDA:0,(anonymous_2)
FNDA:0,(anonymous_3)
FNDA:0,(anonymous_4)
FNDA:0,(anonymous_5)
FNDA:0,(anonymous_6)
FNDA:0,(anonymous_7)
DA:5,2
DA:32,2
DA:44,2
DA:49,2
DA:57,2
DA:65,2
DA:73,2
DA:78,2
DA:91,2
DA:96,2
DA:102,2
LF:11
LH:11
BRF:0
BRH:0
end_of_record
TN:
SF:/Users/ebenezer/CursoReact/leitura-udacity/frontend/src/app/store/sagas/category.js
FN:6,_interopRequireDefault
FN:6,categoryRequest
FN:13,(anonymous_2)
FNF:3
FNH:0
FNDA:0,_interopRequireDefault
FNDA:0,categoryRequest
FNDA:0,(anonymous_2)
DA:1,0
DA:6,0
DA:8,0
DA:10,0
DA:12,0
DA:13,0
DA:16,0
LF:7
LH:0
BRDA:6,0,0,0
BRDA:6,0,1,0
BRDA:6,1,0,0
BRDA:6,1,1,0
BRDA:10,2,0,0
BRDA:10,2,1,0
BRF:6
BRH:0
end_of_record
TN:
SF:/Users/ebenezer/CursoReact/leitura-udacity/frontend/src/app/store/sagas/comment.js
FN:68,_interopRequireDefault
FN:68,commentRequest
FN:68,(anonymous_2)
FN:71,commentSave
FN:75,commentRemove
FN:77,(anonymous_5)
FN:79,commentLikeNotLike
FNF:7
FNH:0
FNDA:0,_interopRequireDefault
FNDA:0,commentRequest
FNDA:0,(anonymous_2)
FNDA:0,commentSave
FNDA:0,commentRemove
FNDA:0,(anonymous_5)
FNDA:0,commentLikeNotLike
DA:1,0
DA:12,0
DA:40,0
DA:54,0
DA:68,0
DA:69,0
DA:70,0
DA:71,0
DA:72,0
DA:73,0
DA:74,0
DA:75,0
DA:76,0
DA:77,0
DA:78,0
DA:79,0
DA:80,0
DA:81,0
LF:18
LH:0
BRDA:68,0,0,0
BRDA:68,0,1,0
BRDA:68,1,0,0
BRDA:68,1,1,0
BRDA:68,2,0,0
BRDA:68,2,1,0
BRDA:72,3,0,0
BRDA:72,3,1,0
BRDA:73,4,0,0
BRDA:73,4,1,0
BRDA:75,5,0,0
BRDA:75,5,1,0
BRDA:76,6,0,0
BRDA:76,6,1,0
BRDA:80,7,0,0
BRDA:80,7,1,0
BRF:16
BRH:0
end_of_record
TN:
SF:/Users/ebenezer/CursoReact/leitura-udacity/frontend/src/app/store/sagas/index.js
FN:20,root
FNF:1
FNH:0
FNDA:0,root
DA:1,0
DA:20,0
DA:21,0
LF:3
LH:0
BRF:0
BRH:0
end_of_record
TN:
SF:/Users/ebenezer/CursoReact/leitura-udacity/frontend/src/app/store/sagas/posts.js
FN:80,_interopRequireDefault
FN:80,postRequest
FN:84,postSave
FN:87,postRemove
FN:89,(anonymous_4)
FN:91,postLikeNotLike
FN:93,notification
FNF:7
FNH:0
FNDA:0,_interopRequireDefault
FNDA:0,postRequest
FNDA:0,postSave
FNDA:0,postRemove
FNDA:0,(anonymous_4)
FNDA:0,postLikeNotLike
FNDA:0,notification
DA:1,0
DA:20,0
DA:38,0
DA:50,0
DA:64,0
DA:80,0
DA:81,0
DA:82,0
DA:83,0
DA:84,0
DA:85,0
DA:86,0
DA:87,0
DA:88,0
DA:89,0
DA:90,0
DA:91,0
DA:92,0
DA:93,0
LF:19
LH:0
BRDA:80,0,0,0
BRDA:80,0,1,0
BRDA:80,1,0,0
BRDA:80,1,1,0
BRDA:80,2,0,0
BRDA:80,2,1,0
BRDA:81,3,0,0
BRDA:81,3,1,0
BRDA:83,4,0,0
BRDA:83,4,1,0
BRDA:85,5,0,0
BRDA:85,5,1,0
BRDA:86,6,0,0
BRDA:86,6,1,0
BRDA:88,7,0,0
BRDA:88,7,1,0
BRDA:92,8,0,0
BRDA:92,8,1,0
BRF:18
BRH:0
end_of_record
TN:
SF:/Users/ebenezer/CursoReact/leitura-udacity/frontend/src/app/util/helpers.js
FN:3,(anonymous_0)
FN:6,(anonymous_1)
FN:11,(anonymous_2)
FNF:3
FNH:1
FNDA:0,(anonymous_0)
FNDA:0,(anonymous_1)
FNDA:1,(anonymous_2)
DA:3,2
DA:4,0
DA:6,0
DA:8,0
DA:11,2
DA:12,1
LF:6
LH:3
BRF:0
BRH:0
end_of_record
TN:
SF:/Users/ebenezer/CursoReact/leitura-udacity/frontend/src/app/views/Home.js
FN:33,(anonymous_0)
FN:41,(anonymous_1)
FN:48,(anonymous_2)
FN:92,(anonymous_3)
FN:103,(anonymous_4)
FN:120,(anonymous_5)
FN:140,(anonymous_6)
FN:149,(anonymous_7)
FN:151,(anonymous_8)
FN:152,(anonymous_9)
FN:153,(anonymous_10)
FN:156,(anonymous_11)
FNF:12
FNH:8
FNDA:8,(anonymous_0)
FNDA:0,(anonymous_1)
FNDA:8,(anonymous_2)
FNDA:0,(anonymous_3)
FNDA:0,(anonymous_4)
FNDA:8,(anonymous_5)
FNDA:8,(anonymous_6)
FNDA:8,(anonymous_7)
FNDA:8,(anonymous_8)
FNDA:0,(anonymous_9)
FNDA:1,(anonymous_10)
FNDA:8,(anonymous_11)
DA:25,1
DA:35,8
DA:36,8
DA:38,8
DA:42,0
DA:43,0
DA:45,0
DA:50,8
DA:51,8
DA:54,8
DA:55,8
DA:57,8
DA:93,0
DA:103,0
DA:121,8
DA:140,1
DA:142,8
DA:143,8
DA:149,8
DA:151,8
DA:152,0
DA:153,1
DA:156,8
LF:23
LH:17
BRDA:43,0,0,0
BRDA:43,0,1,0
BRDA:43,1,0,0
BRDA:43,1,1,0
BRDA:62,2,0,5
BRDA:62,2,1,3
BRDA:110,3,0,8
BRDA:110,3,1,4
BRF:8
BRH:4
end_of_record
